Log file open, 01/28/24 19:14:12
LogWindows: Failed to load 'aqProf.dll' (GetLastError=126)
LogWindows: File 'aqProf.dll' does not exist
LogWindows: Failed to load 'VtuneApi.dll' (GetLastError=126)
LogWindows: File 'VtuneApi.dll' does not exist
LogWindows: Failed to load 'VtuneApi32e.dll' (GetLastError=126)
LogWindows: File 'VtuneApi32e.dll' does not exist
LogConsoleResponse: Display: Failed to find resolution value strings in scalability ini. Falling back to default.
LogConsoleResponse: Display: Failed to find resolution value strings in scalability ini. Falling back to default.
LogInit: Display: Running engine for game: SkillBox_git
LogPlatformFile: Not using cached read wrapper
LogTaskGraph: Started task graph with 5 named threads and 14 total threads with 3 sets of task threads.
LogStats: Stats thread started at 0.294853
LogICUInternationalization: ICU TimeZone Detection - Raw Offset: +3:00, Platform Override: ''
LogInit: Display: Loading text-based GConfig....
LogPluginManager: Mounting plugin MeshPainting
LogPluginManager: Mounting plugin XGEController
LogPluginManager: Mounting plugin Paper2D
LogPluginManager: Mounting plugin LiveLink
LogPluginManager: Mounting plugin AISupport
LogPluginManager: Mounting plugin EnvironmentQueryEditor
LogPluginManager: Mounting plugin LightPropagationVolume
LogPluginManager: Mounting plugin CameraShakePreviewer
LogPluginManager: Mounting plugin GameplayCameras
LogPluginManager: Mounting plugin OodleData
LogPluginManager: Mounting plugin OodleNetwork
LogPluginManager: Mounting plugin AnimationSharing
LogPluginManager: Mounting plugin CLionSourceCodeAccess
LogPluginManager: Mounting plugin CodeLiteSourceCodeAccess
LogPluginManager: Mounting plugin GitSourceControl
LogPluginManager: Mounting plugin KDevelopSourceCodeAccess
LogPluginManager: Mounting plugin NullSourceCodeAccess
LogPluginManager: Mounting plugin PerforceSourceControl
LogPluginManager: Mounting plugin PixWinPlugin
LogPluginManager: Mounting plugin PlasticSourceControl
LogPluginManager: Mounting plugin PluginUtils
LogPluginManager: Mounting plugin PropertyAccessNode
LogPluginManager: Mounting plugin RiderSourceCodeAccess
LogPluginManager: Mounting plugin SubversionSourceControl
LogPluginManager: Mounting plugin TextureFormatOodle
LogPluginManager: Mounting plugin UObjectPlugin
LogPluginManager: Mounting plugin VisualStudioCodeSourceCodeAccess
LogPluginManager: Mounting plugin VisualStudioSourceCodeAccess
LogPluginManager: Mounting plugin XCodeSourceCodeAccess
LogPluginManager: Mounting plugin AssetManagerEditor
LogPluginManager: Mounting plugin CryptoKeys
LogPluginManager: Mounting plugin CurveEditorTools
LogPluginManager: Mounting plugin DataValidation
LogPluginManager: Mounting plugin FacialAnimation
LogPluginManager: Mounting plugin GameplayTagsEditor
LogPluginManager: Mounting plugin GeometryMode
LogPluginManager: Mounting plugin MacGraphicsSwitching
LogPluginManager: Mounting plugin MaterialAnalyzer
LogPluginManager: Mounting plugin MobileLauncherProfileWizard
LogPluginManager: Mounting plugin PluginBrowser
LogPluginManager: Mounting plugin SpeedTreeImporter
LogPluginManager: Mounting plugin DatasmithContent
LogPluginManager: Mounting plugin VariantManagerContent
LogPluginManager: Mounting plugin Niagara
LogPluginManager: Mounting plugin AlembicImporter
LogPluginManager: Mounting plugin AutomationUtils
LogPluginManager: Mounting plugin BackChannel
LogPluginManager: Mounting plugin ChaosCloth
LogPluginManager: Mounting plugin ChaosClothEditor
LogPluginManager: Mounting plugin ChaosEditor
LogPluginManager: Mounting plugin ChaosNiagara
LogPluginManager: Mounting plugin ChaosSolverPlugin
LogPluginManager: Mounting plugin CharacterAI
LogPluginManager: Mounting plugin GeometryCache
LogPluginManager: Mounting plugin GeometryCollectionPlugin
LogPluginManager: Mounting plugin GeometryProcessing
LogPluginManager: Mounting plugin MotoSynth
LogPluginManager: Mounting plugin OpenImageDenoise
LogPluginManager: Mounting plugin LuminPlatformFeatures
LogPluginManager: Mounting plugin PlatformCrypto
LogPluginManager: Mounting plugin ProxyLODPlugin
LogPluginManager: Mounting plugin PlanarCut
LogPluginManager: Mounting plugin MagicLeap
LogPluginManager: Mounting plugin PythonScriptPlugin
LogPluginManager: Mounting plugin MagicLeapLightEstimation
LogPluginManager: Mounting plugin MagicLeapMedia
LogPluginManager: Mounting plugin MagicLeapPassableWorld
LogPluginManager: Mounting plugin SkeletalReduction
LogPluginManager: Mounting plugin MLSDK
LogPluginManager: Mounting plugin AndroidMedia
LogPluginManager: Mounting plugin AvfMedia
LogPluginManager: Mounting plugin ImgMedia
LogPluginManager: Mounting plugin MediaCompositing
LogPluginManager: Mounting plugin MediaPlayerEditor
LogPluginManager: Mounting plugin WebMMedia
LogPluginManager: Mounting plugin WmfMedia
LogPluginManager: Mounting plugin TcpMessaging
LogPluginManager: Mounting plugin UdpMessaging
LogPluginManager: Mounting plugin ActorSequence
LogPluginManager: Mounting plugin LevelSequenceEditor
LogPluginManager: Mounting plugin MatineeToLevelSequence
LogPluginManager: Mounting plugin TemplateSequence
LogPluginManager: Mounting plugin OnlineSubsystem
LogPluginManager: Mounting plugin OnlineSubsystemNull
LogPluginManager: Mounting plugin OnlineSubsystemUtils
LogPluginManager: Mounting plugin LauncherChunkInstaller
LogPluginManager: Mounting plugin ActorLayerUtilities
LogPluginManager: Mounting plugin AndroidDeviceProfileSelector
LogPluginManager: Mounting plugin AndroidMoviePlayer
LogPluginManager: Mounting plugin AndroidPermission
LogPluginManager: Mounting plugin AppleImageUtils
LogPluginManager: Mounting plugin AppleMoviePlayer
LogPluginManager: Mounting plugin ArchVisCharacter
LogPluginManager: Mounting plugin AssetTags
LogPluginManager: Mounting plugin AudioCapture
LogPluginManager: Mounting plugin AudioSynesthesia
LogPluginManager: Mounting plugin CableComponent
LogPluginManager: Mounting plugin ChunkDownloader
LogPluginManager: Mounting plugin CustomMeshComponent
LogPluginManager: Mounting plugin EditableMesh
LogPluginManager: Mounting plugin ExampleDeviceProfileSelector
LogPluginManager: Mounting plugin GoogleCloudMessaging
LogPluginManager: Mounting plugin GooglePAD
LogPluginManager: Mounting plugin IOSDeviceProfileSelector
LogPluginManager: Mounting plugin LinuxDeviceProfileSelector
LogPluginManager: Mounting plugin LocationServicesBPLibrary
LogPluginManager: Mounting plugin MobilePatchingUtils
LogPluginManager: Mounting plugin OpenXR
LogPluginManager: Mounting plugin OpenXREyeTracker
LogPluginManager: Mounting plugin OpenXRHandTracking
LogPluginManager: Mounting plugin PhysXVehicles
LogPluginManager: Mounting plugin PostSplashScreen
LogPluginManager: Mounting plugin ProceduralMeshComponent
LogPluginManager: Mounting plugin PropertyAccessEditor
LogPluginManager: Mounting plugin RuntimePhysXCooking
LogPluginManager: Mounting plugin SignificanceManager
LogPluginManager: Mounting plugin SoundFields
LogPluginManager: Mounting plugin Synthesis
LogPluginManager: Mounting plugin WebMMoviePlayer
LogPluginManager: Mounting plugin WindowsMoviePlayer
LogPluginManager: Mounting plugin ScreenshotTools
LogPluginManager: Mounting plugin Takes
LogPluginManager: Mounting plugin ContentBrowserAssetDataSource
LogPluginManager: Mounting plugin ContentBrowserClassDataSource
LogPluginManager: Mounting plugin ContentBrowserFileDataSource
LogPluginManager: Mounting plugin OnlineSubsystemIOS
LogPluginManager: Mounting plugin OnlineSubsystemGooglePlay
LogPluginManager: Mounting plugin OculusVR
LogPluginManager: Mounting plugin SteamVR
PixWinPlugin: PIX capture plugin failed to initialize! Check that the process is launched from PIX.
LogLuminAPIImpl: Warning: MLSDK not found.  This likely means the MLSDK environment variable is not set.
LogInit: Using libcurl 7.55.1-DEV
LogInit:  - built for x86_64-pc-win32
LogInit:  - supports SSL with OpenSSL/1.1.1
LogInit:  - supports HTTP deflate (compression) using libz 1.2.8
LogInit:  - other features:
LogInit:      CURL_VERSION_SSL
LogInit:      CURL_VERSION_LIBZ
LogInit:      CURL_VERSION_IPV6
LogInit:      CURL_VERSION_ASYNCHDNS
LogInit:      CURL_VERSION_LARGEFILE
LogInit:      CURL_VERSION_IDN
LogInit:  CurlRequestOptions (configurable via config and command line):
LogInit:  - bVerifyPeer = true  - Libcurl will verify peer certificate
LogInit:  - bUseHttpProxy = false  - Libcurl will NOT use HTTP proxy
LogInit:  - bDontReuseConnections = false  - Libcurl will reuse connections
LogInit:  - MaxHostConnections = 16  - Libcurl will limit the number of connections to a host
LogInit:  - LocalHostAddr = Default
LogInit:  - BufferSize = 65536
LogOnline: OSS: Creating online subsystem instance for: NULL
LogInit: WinSock: version 1.1 (2.2), MaxSocks=32767, MaxUdp=65467
LogOnline: OSS: TryLoadSubsystemAndSetDefault: Loaded subsystem for module [NULL]
LogOculusPluginWrapper: OculusPlugin initialized successfully
LogHMD: Failed initializing OVRPlugin 1.59.0
LogInit: Build: ++UE4+Release-4.27-CL-18319896
LogInit: Engine Version: 4.27.2-18319896+++UE4+Release-4.27
LogInit: Compatible Engine Version: 4.27.0-17155196+++UE4+Release-4.27
LogInit: Net CL: 17155196
LogInit: OS: Windows 10 (Release 2009) (), CPU:         Intel(R) Core(TM) i5-2400 CPU @ 3.10GHz, GPU: NVIDIA GeForce GTX 550 Ti
LogInit: Compiled (64-bit): Nov 30 2021 07:12:08
LogInit: Compiled with Visual C++: 19.24.28315.00
LogInit: Build Configuration: Development
LogInit: Branch Name: ++UE4+Release-4.27
LogInit: Command Line: 
LogInit: Base Directory: S:/Epic Games/UE_4.27/Engine/Binaries/Win64/
LogInit: Allocator: TBB
LogInit: Installed Engine Build: 1
LogDevObjectVersion: Number of dev versions registered: 29
LogDevObjectVersion:   Dev-Blueprints (B0D832E4-1F89-4F0D-ACCF-7EB736FD4AA2): 10
LogDevObjectVersion:   Dev-Build (E1C64328-A22C-4D53-A36C-8E866417BD8C): 0
LogDevObjectVersion:   Dev-Core (375EC13C-06E4-48FB-B500-84F0262A717E): 4
LogDevObjectVersion:   Dev-Editor (E4B068ED-F494-42E9-A231-DA0B2E46BB41): 40
LogDevObjectVersion:   Dev-Framework (CFFC743F-43B0-4480-9391-14DF171D2073): 37
LogDevObjectVersion:   Dev-Mobile (B02B49B5-BB20-44E9-A304-32B752E40360): 3
LogDevObjectVersion:   Dev-Networking (A4E4105C-59A1-49B5-A7C5-40C4547EDFEE): 0
LogDevObjectVersion:   Dev-Online (39C831C9-5AE6-47DC-9A44-9C173E1C8E7C): 0
LogDevObjectVersion:   Dev-Physics (78F01B33-EBEA-4F98-B9B4-84EACCB95AA2): 14
LogDevObjectVersion:   Dev-Platform (6631380F-2D4D-43E0-8009-CF276956A95A): 0
LogDevObjectVersion:   Dev-Rendering (12F88B9F-8875-4AFC-A67C-D90C383ABD29): 45
LogDevObjectVersion:   Dev-Sequencer (7B5AE74C-D270-4C10-A958-57980B212A5A): 13
LogDevObjectVersion:   Dev-VR (D7296918-1DD6-4BDD-9DE2-64A83CC13884): 3
LogDevObjectVersion:   Dev-LoadTimes (C2A15278-BFE7-4AFE-6C17-90FF531DF755): 1
LogDevObjectVersion:   Private-Geometry (6EACA3D4-40EC-4CC1-B786-8BED09428FC5): 3
LogDevObjectVersion:   Dev-AnimPhys (29E575DD-E0A3-4627-9D10-D276232CDCEA): 17
LogDevObjectVersion:   Dev-Anim (AF43A65D-7FD3-4947-9873-3E8ED9C1BB05): 15
LogDevObjectVersion:   Dev-ReflectionCapture (6B266CEC-1EC7-4B8F-A30B-E4D90942FC07): 1
LogDevObjectVersion:   Dev-Automation (0DF73D61-A23F-47EA-B727-89E90C41499A): 1
LogDevObjectVersion:   FortniteMain (601D1886-AC64-4F84-AA16-D3DE0DEAC7D6): 47
LogDevObjectVersion:   FortniteRelease (E7086368-6B23-4C58-8439-1B7016265E91): 1
LogDevObjectVersion:   Dev-Enterprise (9DFFBCD6-494F-0158-E221-12823C92A888): 10
LogDevObjectVersion:   Dev-Niagara (F2AED0AC-9AFE-416F-8664-AA7FFA26D6FC): 1
LogDevObjectVersion:   Dev-Destruction (174F1F0B-B4C6-45A5-B13F-2EE8D0FB917D): 10
LogDevObjectVersion:   Dev-Physics-Ext (35F94A83-E258-406C-A318-09F59610247C): 41
LogDevObjectVersion:   Dev-PhysicsMaterial-Chaos (B68FC16E-8B1B-42E2-B453-215C058844FE): 1
LogDevObjectVersion:   Dev-CineCamera (B2E18506-4273-CFC2-A54E-F4BB758BBA07): 1
LogDevObjectVersion:   Dev-VirtualProduction (64F58936-FD1B-42BA-BA96-7289D5D0FA4E): 1
LogDevObjectVersion:   Dev-MediaFramework (6F0ED827-A609-4895-9C91-998D90180EA4): 2
LogInit: Presizing for max 25165824 objects, including 0 objects not considered by GC, pre-allocating 0 bytes for permanent pool.
LogConfig: Applying CVar settings from Section [/Script/Engine.StreamingSettings] File [S:/ProjectS/SkillBox_practicS/SkillBox_git/Saved/Config/Windows/Engine.ini]
LogConfig: Setting CVar [[s.MinBulkDataSizeForAsyncLoading:131072]]
LogConfig: Setting CVar [[s.AsyncLoadingThreadEnabled:0]]
LogConfig: Setting CVar [[s.EventDrivenLoaderEnabled:1]]
LogConfig: Setting CVar [[s.WarnIfTimeLimitExceeded:0]]
LogConfig: Setting CVar [[s.TimeLimitExceededMultiplier:1.5]]
LogConfig: Setting CVar [[s.TimeLimitExceededMinTime:0.005]]
LogConfig: Setting CVar [[s.UseBackgroundLevelStreaming:1]]
LogConfig: Setting CVar [[s.PriorityAsyncLoadingExtraTime:15.0]]
LogConfig: Setting CVar [[s.LevelStreamingActorsUpdateTimeLimit:5.0]]
LogConfig: Setting CVar [[s.PriorityLevelStreamingActorsUpdateExtraTime:5.0]]
LogConfig: Setting CVar [[s.LevelStreamingComponentsRegistrationGranularity:10]]
LogConfig: Setting CVar [[s.UnregisterComponentsTimeLimit:1.0]]
LogConfig: Setting CVar [[s.LevelStreamingComponentsUnregistrationGranularity:5]]
LogConfig: Setting CVar [[s.FlushStreamingOnExit:1]]
LogInit: Object subsystem initialized
LogConfig: Setting CVar [[con.DebugEarlyDefault:1]]
LogConfig: Setting CVar [[r.setres:1280x720]]
[2024.01.28-16.14.13:138][  0]LogConfig: Setting CVar [[r.VSync:0]]
[2024.01.28-16.14.13:138][  0]LogConfig: Setting CVar [[r.RHICmdBypass:0]]
[2024.01.28-16.14.13:138][  0]LogConfig: Applying CVar settings from Section [/Script/Engine.RendererSettings] File [S:/ProjectS/SkillBox_practicS/SkillBox_git/Saved/Config/Windows/Engine.ini]
[2024.01.28-16.14.13:138][  0]LogConfig: Setting CVar [[r.GPUCrashDebugging:0]]
[2024.01.28-16.14.13:138][  0]LogConfig: Applying CVar settings from Section [/Script/Engine.RendererOverrideSettings] File [S:/ProjectS/SkillBox_practicS/SkillBox_git/Saved/Config/Windows/Engine.ini]
[2024.01.28-16.14.13:138][  0]LogConfig: Applying CVar settings from Section [/Script/Engine.StreamingSettings] File [S:/ProjectS/SkillBox_practicS/SkillBox_git/Saved/Config/Windows/Engine.ini]
[2024.01.28-16.14.13:138][  0]LogConfig: Setting CVar [[s.MinBulkDataSizeForAsyncLoading:131072]]
[2024.01.28-16.14.13:138][  0]LogConfig: Setting CVar [[s.AsyncLoadingThreadEnabled:0]]
[2024.01.28-16.14.13:138][  0]LogConfig: Setting CVar [[s.EventDrivenLoaderEnabled:1]]
[2024.01.28-16.14.13:138][  0]LogConfig: Setting CVar [[s.WarnIfTimeLimitExceeded:0]]
[2024.01.28-16.14.13:138][  0]LogConfig: Setting CVar [[s.TimeLimitExceededMultiplier:1.5]]
[2024.01.28-16.14.13:138][  0]LogConfig: Setting CVar [[s.TimeLimitExceededMinTime:0.005]]
[2024.01.28-16.14.13:138][  0]LogConfig: Setting CVar [[s.UseBackgroundLevelStreaming:1]]
[2024.01.28-16.14.13:138][  0]LogConfig: Setting CVar [[s.PriorityAsyncLoadingExtraTime:15.0]]
[2024.01.28-16.14.13:138][  0]LogConfig: Setting CVar [[s.LevelStreamingActorsUpdateTimeLimit:5.0]]
[2024.01.28-16.14.13:138][  0]LogConfig: Setting CVar [[s.PriorityLevelStreamingActorsUpdateExtraTime:5.0]]
[2024.01.28-16.14.13:138][  0]LogConfig: Setting CVar [[s.LevelStreamingComponentsRegistrationGranularity:10]]
[2024.01.28-16.14.13:138][  0]LogConfig: Setting CVar [[s.UnregisterComponentsTimeLimit:1.0]]
[2024.01.28-16.14.13:138][  0]LogConfig: Setting CVar [[s.LevelStreamingComponentsUnregistrationGranularity:5]]
[2024.01.28-16.14.13:138][  0]LogConfig: Setting CVar [[s.FlushStreamingOnExit:1]]
[2024.01.28-16.14.13:138][  0]LogConfig: Applying CVar settings from Section [/Script/Engine.GarbageCollectionSettings] File [S:/ProjectS/SkillBox_practicS/SkillBox_git/Saved/Config/Windows/Engine.ini]
[2024.01.28-16.14.13:138][  0]LogConfig: Setting CVar [[gc.MaxObjectsNotConsideredByGC:1]]
[2024.01.28-16.14.13:138][  0]LogConfig: Setting CVar [[gc.SizeOfPermanentObjectPool:0]]
[2024.01.28-16.14.13:139][  0]LogConfig: Setting CVar [[gc.FlushStreamingOnGC:0]]
[2024.01.28-16.14.13:139][  0]LogConfig: Setting CVar [[gc.NumRetriesBeforeForcingGC:10]]
[2024.01.28-16.14.13:139][  0]LogConfig: Setting CVar [[gc.AllowParallelGC:1]]
[2024.01.28-16.14.13:139][  0]LogConfig: Setting CVar [[gc.TimeBetweenPurgingPendingKillObjects:61.1]]
[2024.01.28-16.14.13:139][  0]LogConfig: Setting CVar [[gc.MaxObjectsInEditor:25165824]]
[2024.01.28-16.14.13:139][  0]LogConfig: Setting CVar [[gc.IncrementalBeginDestroyEnabled:1]]
[2024.01.28-16.14.13:139][  0]LogConfig: Setting CVar [[gc.CreateGCClusters:1]]
[2024.01.28-16.14.13:139][  0]LogConfig: Setting CVar [[gc.MinGCClusterSize:5]]
[2024.01.28-16.14.13:139][  0]LogConfig: Setting CVar [[gc.ActorClusteringEnabled:0]]
[2024.01.28-16.14.13:139][  0]LogConfig: Setting CVar [[gc.BlueprintClusteringEnabled:0]]
[2024.01.28-16.14.13:139][  0]LogConfig: Setting CVar [[gc.UseDisregardForGCOnDedicatedServers:0]]
[2024.01.28-16.14.13:139][  0]LogConfig: Setting CVar [[gc.MultithreadedDestructionEnabled:1]]
[2024.01.28-16.14.13:139][  0]LogConfig: Applying CVar settings from Section [/Script/Engine.NetworkSettings] File [S:/ProjectS/SkillBox_practicS/SkillBox_git/Saved/Config/Windows/Engine.ini]
[2024.01.28-16.14.13:139][  0]LogConfig: Applying CVar settings from Section [/Script/UnrealEd.CookerSettings] File [S:/ProjectS/SkillBox_practicS/SkillBox_git/Saved/Config/Windows/Engine.ini]
[2024.01.28-16.14.13:151][  0]LogConfig: Applying CVar settings from Section [ViewDistanceQuality@3] File [S:/ProjectS/SkillBox_practicS/SkillBox_git/Saved/Config/Windows/Scalability.ini]
[2024.01.28-16.14.13:151][  0]LogConfig: Setting CVar [[r.SkeletalMeshLODBias:0]]
[2024.01.28-16.14.13:151][  0]LogConfig: Setting CVar [[r.ViewDistanceScale:1.0]]
[2024.01.28-16.14.13:151][  0]LogConfig: Applying CVar settings from Section [AntiAliasingQuality@3] File [S:/ProjectS/SkillBox_practicS/SkillBox_git/Saved/Config/Windows/Scalability.ini]
[2024.01.28-16.14.13:151][  0]LogConfig: Setting CVar [[r.PostProcessAAQuality:4]]
[2024.01.28-16.14.13:151][  0]LogConfig: Applying CVar settings from Section [ShadowQuality@3] File [S:/ProjectS/SkillBox_practicS/SkillBox_git/Saved/Config/Windows/Scalability.ini]
[2024.01.28-16.14.13:151][  0]LogConfig: Setting CVar [[r.LightFunctionQuality:1]]
[2024.01.28-16.14.13:151][  0]LogConfig: Setting CVar [[r.ShadowQuality:5]]
[2024.01.28-16.14.13:151][  0]LogConfig: Setting CVar [[r.Shadow.CSM.MaxCascades:10]]
[2024.01.28-16.14.13:151][  0]LogConfig: Setting CVar [[r.Shadow.MaxResolution:2048]]
[2024.01.28-16.14.13:151][  0]LogConfig: Setting CVar [[r.Shadow.MaxCSMResolution:2048]]
[2024.01.28-16.14.13:151][  0]LogConfig: Setting CVar [[r.Shadow.RadiusThreshold:0.01]]
[2024.01.28-16.14.13:151][  0]LogConfig: Setting CVar [[r.Shadow.DistanceScale:1.0]]
[2024.01.28-16.14.13:151][  0]LogConfig: Setting CVar [[r.Shadow.CSM.TransitionScale:1.0]]
[2024.01.28-16.14.13:151][  0]LogConfig: Setting CVar [[r.Shadow.PreShadowResolutionFactor:1.0]]
[2024.01.28-16.14.13:151][  0]LogConfig: Setting CVar [[r.DistanceFieldShadowing:1]]
[2024.01.28-16.14.13:151][  0]LogConfig: Setting CVar [[r.DistanceFieldAO:1]]
[2024.01.28-16.14.13:151][  0]LogConfig: Setting CVar [[r.AOQuality:2]]
[2024.01.28-16.14.13:151][  0]LogConfig: Setting CVar [[r.VolumetricFog:1]]
[2024.01.28-16.14.13:151][  0]LogConfig: Setting CVar [[r.VolumetricFog.GridPixelSize:8]]
[2024.01.28-16.14.13:151][  0]LogConfig: Setting CVar [[r.VolumetricFog.GridSizeZ:128]]
[2024.01.28-16.14.13:151][  0]LogConfig: Setting CVar [[r.VolumetricFog.HistoryMissSupersampleCount:4]]
[2024.01.28-16.14.13:151][  0]LogConfig: Setting CVar [[r.LightMaxDrawDistanceScale:1]]
[2024.01.28-16.14.13:151][  0]LogConfig: Setting CVar [[r.CapsuleShadows:1]]
[2024.01.28-16.14.13:151][  0]LogConfig: Applying CVar settings from Section [PostProcessQuality@3] File [S:/ProjectS/SkillBox_practicS/SkillBox_git/Saved/Config/Windows/Scalability.ini]
[2024.01.28-16.14.13:151][  0]LogConfig: Setting CVar [[r.MotionBlurQuality:4]]
[2024.01.28-16.14.13:151][  0]LogConfig: Setting CVar [[r.AmbientOcclusionMipLevelFactor:0.4]]
[2024.01.28-16.14.13:151][  0]LogConfig: Setting CVar [[r.AmbientOcclusionMaxQuality:100]]
[2024.01.28-16.14.13:151][  0]LogConfig: Setting CVar [[r.AmbientOcclusionLevels:-1]]
[2024.01.28-16.14.13:151][  0]LogConfig: Setting CVar [[r.AmbientOcclusionRadiusScale:1.0]]
[2024.01.28-16.14.13:151][  0]LogConfig: Setting CVar [[r.DepthOfFieldQuality:2]]
[2024.01.28-16.14.13:151][  0]LogConfig: Setting CVar [[r.RenderTargetPoolMin:400]]
[2024.01.28-16.14.13:151][  0]LogConfig: Setting CVar [[r.LensFlareQuality:2]]
[2024.01.28-16.14.13:151][  0]LogConfig: Setting CVar [[r.SceneColorFringeQuality:1]]
[2024.01.28-16.14.13:151][  0]LogConfig: Setting CVar [[r.EyeAdaptationQuality:2]]
[2024.01.28-16.14.13:151][  0]LogConfig: Setting CVar [[r.BloomQuality:5]]
[2024.01.28-16.14.13:151][  0]LogConfig: Setting CVar [[r.FastBlurThreshold:100]]
[2024.01.28-16.14.13:151][  0]LogConfig: Setting CVar [[r.Upscale.Quality:3]]
[2024.01.28-16.14.13:151][  0]LogConfig: Setting CVar [[r.Tonemapper.GrainQuantization:1]]
[2024.01.28-16.14.13:151][  0]LogConfig: Setting CVar [[r.LightShaftQuality:1]]
[2024.01.28-16.14.13:151][  0]LogConfig: Setting CVar [[r.Filter.SizeScale:1]]
[2024.01.28-16.14.13:151][  0]LogConfig: Setting CVar [[r.Tonemapper.Quality:5]]
[2024.01.28-16.14.13:151][  0]LogConfig: Setting CVar [[r.DOF.Gather.AccumulatorQuality:1        ; higher gathering accumulator quality]]
[2024.01.28-16.14.13:151][  0]LogConfig: Setting CVar [[r.DOF.Gather.PostfilterMethod:1          ; Median3x3 postfilering method]]
[2024.01.28-16.14.13:151][  0]LogConfig: Setting CVar [[r.DOF.Gather.EnableBokehSettings:0       ; no bokeh simulation when gathering]]
[2024.01.28-16.14.13:151][  0]LogConfig: Setting CVar [[r.DOF.Gather.RingCount:4                 ; medium number of samples when gathering]]
[2024.01.28-16.14.13:151][  0]LogConfig: Setting CVar [[r.DOF.Scatter.ForegroundCompositing:1    ; additive foreground scattering]]
[2024.01.28-16.14.13:151][  0]LogConfig: Setting CVar [[r.DOF.Scatter.BackgroundCompositing:2    ; additive background scattering]]
[2024.01.28-16.14.13:151][  0]LogConfig: Setting CVar [[r.DOF.Scatter.EnableBokehSettings:1      ; bokeh simulation when scattering]]
[2024.01.28-16.14.13:151][  0]LogConfig: Setting CVar [[r.DOF.Scatter.MaxSpriteRatio:0.1         ; only a maximum of 10% of scattered bokeh]]
[2024.01.28-16.14.13:152][  0]LogConfig: Setting CVar [[r.DOF.Recombine.Quality:1                ; cheap slight out of focus]]
[2024.01.28-16.14.13:152][  0]LogConfig: Setting CVar [[r.DOF.Recombine.EnableBokehSettings:0    ; no bokeh simulation on slight out of focus]]
[2024.01.28-16.14.13:152][  0]LogConfig: Setting CVar [[r.DOF.TemporalAAQuality:1                ; more stable temporal accumulation]]
[2024.01.28-16.14.13:152][  0]LogConfig: Setting CVar [[r.DOF.Kernel.MaxForegroundRadius:0.025]]
[2024.01.28-16.14.13:152][  0]LogConfig: Setting CVar [[r.DOF.Kernel.MaxBackgroundRadius:0.025]]
[2024.01.28-16.14.13:152][  0]LogConfig: Applying CVar settings from Section [TextureQuality@3] File [S:/ProjectS/SkillBox_practicS/SkillBox_git/Saved/Config/Windows/Scalability.ini]
[2024.01.28-16.14.13:152][  0]LogConfig: Setting CVar [[r.Streaming.MipBias:0]]
[2024.01.28-16.14.13:152][  0]LogConfig: Setting CVar [[r.Streaming.AmortizeCPUToGPUCopy:0]]
[2024.01.28-16.14.13:152][  0]LogConfig: Setting CVar [[r.Streaming.MaxNumTexturesToStreamPerFrame:0]]
[2024.01.28-16.14.13:152][  0]LogConfig: Setting CVar [[r.Streaming.Boost:1]]
[2024.01.28-16.14.13:152][  0]LogConfig: Setting CVar [[r.MaxAnisotropy:8]]
[2024.01.28-16.14.13:152][  0]LogConfig: Setting CVar [[r.VT.MaxAnisotropy:8]]
[2024.01.28-16.14.13:152][  0]LogConfig: Setting CVar [[r.Streaming.LimitPoolSizeToVRAM:0]]
[2024.01.28-16.14.13:152][  0]LogConfig: Setting CVar [[r.Streaming.PoolSize:1000]]
[2024.01.28-16.14.13:152][  0]LogConfig: Setting CVar [[r.Streaming.MaxEffectiveScreenSize:0]]
[2024.01.28-16.14.13:152][  0]LogConfig: Applying CVar settings from Section [EffectsQuality@3] File [S:/ProjectS/SkillBox_practicS/SkillBox_git/Saved/Config/Windows/Scalability.ini]
[2024.01.28-16.14.13:152][  0]LogConfig: Setting CVar [[r.TranslucencyLightingVolumeDim:64]]
[2024.01.28-16.14.13:152][  0]LogConfig: Setting CVar [[r.RefractionQuality:2]]
[2024.01.28-16.14.13:152][  0]LogConfig: Setting CVar [[r.SSR.Quality:3]]
[2024.01.28-16.14.13:152][  0]LogConfig: Setting CVar [[r.SSR.HalfResSceneColor:0]]
[2024.01.28-16.14.13:152][  0]LogConfig: Setting CVar [[r.SceneColorFormat:4]]
[2024.01.28-16.14.13:152][  0]LogConfig: Setting CVar [[r.DetailMode:2]]
[2024.01.28-16.14.13:152][  0]LogConfig: Setting CVar [[r.TranslucencyVolumeBlur:1]]
[2024.01.28-16.14.13:152][  0]LogConfig: Setting CVar [[r.MaterialQualityLevel:1 ; High quality]]
[2024.01.28-16.14.13:152][  0]LogConfig: Setting CVar [[r.AnisotropicMaterials:1]]
[2024.01.28-16.14.13:152][  0]LogConfig: Setting CVar [[r.SSS.Scale:1]]
[2024.01.28-16.14.13:152][  0]LogConfig: Setting CVar [[r.SSS.SampleSet:2]]
[2024.01.28-16.14.13:152][  0]LogConfig: Setting CVar [[r.SSS.Quality:1]]
[2024.01.28-16.14.13:152][  0]LogConfig: Setting CVar [[r.SSS.HalfRes:0]]
[2024.01.28-16.14.13:152][  0]LogConfig: Setting CVar [[r.SSGI.Quality:3]]
[2024.01.28-16.14.13:152][  0]LogConfig: Setting CVar [[r.EmitterSpawnRateScale:1.0]]
[2024.01.28-16.14.13:152][  0]LogConfig: Setting CVar [[r.ParticleLightQuality:2]]
[2024.01.28-16.14.13:152][  0]LogConfig: Setting CVar [[r.SkyAtmosphere.AerialPerspectiveLUT.FastApplyOnOpaque:1 ; Always have FastSkyLUT 1 in this case to avoid wrong sky]]
[2024.01.28-16.14.13:152][  0]LogConfig: Setting CVar [[r.SkyAtmosphere.AerialPerspectiveLUT.SampleCountMaxPerSlice:4]]
[2024.01.28-16.14.13:152][  0]LogConfig: Setting CVar [[r.SkyAtmosphere.AerialPerspectiveLUT.DepthResolution:16.0]]
[2024.01.28-16.14.13:152][  0]LogConfig: Setting CVar [[r.SkyAtmosphere.FastSkyLUT:1]]
[2024.01.28-16.14.13:152][  0]LogConfig: Setting CVar [[r.SkyAtmosphere.FastSkyLUT.SampleCountMin:4.0]]
[2024.01.28-16.14.13:152][  0]LogConfig: Setting CVar [[r.SkyAtmosphere.FastSkyLUT.SampleCountMax:128.0]]
[2024.01.28-16.14.13:152][  0]LogConfig: Setting CVar [[r.SkyAtmosphere.SampleCountMin:4.0]]
[2024.01.28-16.14.13:152][  0]LogConfig: Setting CVar [[r.SkyAtmosphere.SampleCountMax:128.0]]
[2024.01.28-16.14.13:152][  0]LogConfig: Setting CVar [[r.SkyAtmosphere.TransmittanceLUT.UseSmallFormat:0]]
[2024.01.28-16.14.13:152][  0]LogConfig: Setting CVar [[r.SkyAtmosphere.TransmittanceLUT.SampleCount:10.0]]
[2024.01.28-16.14.13:152][  0]LogConfig: Setting CVar [[r.SkyAtmosphere.MultiScatteringLUT.SampleCount:15.0]]
[2024.01.28-16.14.13:152][  0]LogConfig: Setting CVar [[r.SkyLight.RealTimeReflectionCapture:1]]
[2024.01.28-16.14.13:152][  0]LogConfig: Applying CVar settings from Section [FoliageQuality@3] File [S:/ProjectS/SkillBox_practicS/SkillBox_git/Saved/Config/Windows/Scalability.ini]
[2024.01.28-16.14.13:152][  0]LogConfig: Setting CVar [[foliage.DensityScale:1.0]]
[2024.01.28-16.14.13:152][  0]LogConfig: Setting CVar [[grass.DensityScale:1.0]]
[2024.01.28-16.14.13:152][  0]LogConfig: Applying CVar settings from Section [ShadingQuality@3] File [S:/ProjectS/SkillBox_practicS/SkillBox_git/Saved/Config/Windows/Scalability.ini]
[2024.01.28-16.14.13:152][  0]LogConfig: Setting CVar [[r.HairStrands.SkyLighting.IntegrationType:2]]
[2024.01.28-16.14.13:152][  0]LogConfig: Setting CVar [[r.HairStrands.SkyAO.SampleCount:4]]
[2024.01.28-16.14.13:152][  0]LogConfig: Setting CVar [[r.HairStrands.Visibility.MSAA.SamplePerPixel:4]]
[2024.01.28-16.14.13:152][  0]LogInit: Selected Device Profile: [Windows]
[2024.01.28-16.14.13:152][  0]LogInit: Applying CVar settings loaded from the selected device profile: [Windows]
[2024.01.28-16.14.13:152][  0]LogHAL: Display: Platform has ~ 8 GB [8565735424 / 8589934592 / 8], which maps to Default [LargestMinGB=32, LargerMinGB=12, DefaultMinGB=8, SmallerMinGB=6, SmallestMinGB=0)
[2024.01.28-16.14.13:153][  0]LogInit: Going up to parent DeviceProfile []
[2024.01.28-16.14.13:153][  0]LogConfig: Applying CVar settings from Section [ViewDistanceQuality@0] File [S:/ProjectS/SkillBox_practicS/SkillBox_git/Saved/Config/Windows/Scalability.ini]
[2024.01.28-16.14.13:153][  0]LogConfig: Setting CVar [[r.SkeletalMeshLODBias:2]]
[2024.01.28-16.14.13:153][  0]LogConfig: Setting CVar [[r.ViewDistanceScale:0.4]]
[2024.01.28-16.14.13:153][  0]LogConfig: Applying CVar settings from Section [AntiAliasingQuality@0] File [S:/ProjectS/SkillBox_practicS/SkillBox_git/Saved/Config/Windows/Scalability.ini]
[2024.01.28-16.14.13:153][  0]LogConfig: Setting CVar [[r.PostProcessAAQuality:0]]
[2024.01.28-16.14.13:153][  0]LogConfig: Applying CVar settings from Section [ShadowQuality@0] File [S:/ProjectS/SkillBox_practicS/SkillBox_git/Saved/Config/Windows/Scalability.ini]
[2024.01.28-16.14.13:153][  0]LogConfig: Setting CVar [[r.LightFunctionQuality:0]]
[2024.01.28-16.14.13:153][  0]LogConfig: Setting CVar [[r.ShadowQuality:0]]
[2024.01.28-16.14.13:153][  0]LogConfig: Setting CVar [[r.Shadow.CSM.MaxCascades:1]]
[2024.01.28-16.14.13:153][  0]LogConfig: Setting CVar [[r.Shadow.MaxResolution:512]]
[2024.01.28-16.14.13:153][  0]LogConfig: Setting CVar [[r.Shadow.MaxCSMResolution:512]]
[2024.01.28-16.14.13:153][  0]LogConfig: Setting CVar [[r.Shadow.RadiusThreshold:0.06]]
[2024.01.28-16.14.13:153][  0]LogConfig: Setting CVar [[r.Shadow.DistanceScale:0.6]]
[2024.01.28-16.14.13:153][  0]LogConfig: Setting CVar [[r.Shadow.CSM.TransitionScale:0]]
[2024.01.28-16.14.13:153][  0]LogConfig: Setting CVar [[r.Shadow.PreShadowResolutionFactor:0.5]]
[2024.01.28-16.14.13:153][  0]LogConfig: Setting CVar [[r.DistanceFieldShadowing:0]]
[2024.01.28-16.14.13:153][  0]LogConfig: Setting CVar [[r.DistanceFieldAO:0]]
[2024.01.28-16.14.13:153][  0]LogConfig: Setting CVar [[r.VolumetricFog:0]]
[2024.01.28-16.14.13:153][  0]LogConfig: Setting CVar [[r.LightMaxDrawDistanceScale:0]]
[2024.01.28-16.14.13:153][  0]LogConfig: Setting CVar [[r.CapsuleShadows:0]]
[2024.01.28-16.14.13:153][  0]LogConfig: Applying CVar settings from Section [PostProcessQuality@0] File [S:/ProjectS/SkillBox_practicS/SkillBox_git/Saved/Config/Windows/Scalability.ini]
[2024.01.28-16.14.13:153][  0]LogConfig: Setting CVar [[r.MotionBlurQuality:0]]
[2024.01.28-16.14.13:153][  0]LogConfig: Setting CVar [[r.AmbientOcclusionMipLevelFactor:1.0]]
[2024.01.28-16.14.13:153][  0]LogConfig: Setting CVar [[r.AmbientOcclusionMaxQuality:0]]
[2024.01.28-16.14.13:153][  0]LogConfig: Setting CVar [[r.AmbientOcclusionLevels:0]]
[2024.01.28-16.14.13:153][  0]LogConfig: Setting CVar [[r.AmbientOcclusionRadiusScale:1.2]]
[2024.01.28-16.14.13:153][  0]LogConfig: Setting CVar [[r.DepthOfFieldQuality:0]]
[2024.01.28-16.14.13:153][  0]LogConfig: Setting CVar [[r.RenderTargetPoolMin:300]]
[2024.01.28-16.14.13:153][  0]LogConfig: Setting CVar [[r.LensFlareQuality:0]]
[2024.01.28-16.14.13:153][  0]LogConfig: Setting CVar [[r.SceneColorFringeQuality:0]]
[2024.01.28-16.14.13:153][  0]LogConfig: Setting CVar [[r.EyeAdaptationQuality:2]]
[2024.01.28-16.14.13:153][  0]LogConfig: Setting CVar [[r.BloomQuality:4]]
[2024.01.28-16.14.13:153][  0]LogConfig: Setting CVar [[r.FastBlurThreshold:0]]
[2024.01.28-16.14.13:153][  0]LogConfig: Setting CVar [[r.Upscale.Quality:1]]
[2024.01.28-16.14.13:153][  0]LogConfig: Setting CVar [[r.Tonemapper.GrainQuantization:0]]
[2024.01.28-16.14.13:153][  0]LogConfig: Setting CVar [[r.LightShaftQuality:0]]
[2024.01.28-16.14.13:153][  0]LogConfig: Setting CVar [[r.Filter.SizeScale:0.6]]
[2024.01.28-16.14.13:153][  0]LogConfig: Setting CVar [[r.Tonemapper.Quality:0]]
[2024.01.28-16.14.13:153][  0]LogConfig: Applying CVar settings from Section [TextureQuality@0] File [S:/ProjectS/SkillBox_practicS/SkillBox_git/Saved/Config/Windows/Scalability.ini]
[2024.01.28-16.14.13:153][  0]LogConfig: Setting CVar [[r.Streaming.MipBias:16]]
[2024.01.28-16.14.13:153][  0]LogConfig: Setting CVar [[r.Streaming.AmortizeCPUToGPUCopy:1]]
[2024.01.28-16.14.13:153][  0]LogConfig: Setting CVar [[r.Streaming.MaxNumTexturesToStreamPerFrame:1]]
[2024.01.28-16.14.13:153][  0]LogConfig: Setting CVar [[r.Streaming.Boost:0.3]]
[2024.01.28-16.14.13:153][  0]LogConfig: Setting CVar [[r.MaxAnisotropy:0]]
[2024.01.28-16.14.13:153][  0]LogConfig: Setting CVar [[r.VT.MaxAnisotropy:4]]
[2024.01.28-16.14.13:153][  0]LogConfig: Setting CVar [[r.Streaming.LimitPoolSizeToVRAM:1]]
[2024.01.28-16.14.13:153][  0]LogConfig: Setting CVar [[r.Streaming.PoolSize:400]]
[2024.01.28-16.14.13:153][  0]LogConfig: Setting CVar [[r.Streaming.MaxEffectiveScreenSize:0]]
[2024.01.28-16.14.13:153][  0]LogConfig: Applying CVar settings from Section [EffectsQuality@0] File [S:/ProjectS/SkillBox_practicS/SkillBox_git/Saved/Config/Windows/Scalability.ini]
[2024.01.28-16.14.13:153][  0]LogConfig: Setting CVar [[r.TranslucencyLightingVolumeDim:24]]
[2024.01.28-16.14.13:153][  0]LogConfig: Setting CVar [[r.RefractionQuality:0]]
[2024.01.28-16.14.13:153][  0]LogConfig: Setting CVar [[r.SSR.Quality:0]]
[2024.01.28-16.14.13:153][  0]LogConfig: Setting CVar [[r.SSR.HalfResSceneColor:1]]
[2024.01.28-16.14.13:153][  0]LogConfig: Setting CVar [[r.SceneColorFormat:3]]
[2024.01.28-16.14.13:153][  0]LogConfig: Setting CVar [[r.DetailMode:0]]
[2024.01.28-16.14.13:153][  0]LogConfig: Setting CVar [[r.TranslucencyVolumeBlur:0]]
[2024.01.28-16.14.13:154][  0]LogConfig: Setting CVar [[r.MaterialQualityLevel:0 ; Low quality]]
[2024.01.28-16.14.13:154][  0]LogConfig: Setting CVar [[r.AnisotropicMaterials:0]]
[2024.01.28-16.14.13:154][  0]LogConfig: Setting CVar [[r.SSS.Scale:0]]
[2024.01.28-16.14.13:154][  0]LogConfig: Setting CVar [[r.SSS.SampleSet:0]]
[2024.01.28-16.14.13:154][  0]LogConfig: Setting CVar [[r.SSS.Quality:0]]
[2024.01.28-16.14.13:154][  0]LogConfig: Setting CVar [[r.SSS.HalfRes:1]]
[2024.01.28-16.14.13:154][  0]LogConfig: Setting CVar [[r.SSGI.Quality:0]]
[2024.01.28-16.14.13:154][  0]LogConfig: Setting CVar [[r.EmitterSpawnRateScale:0.125]]
[2024.01.28-16.14.13:154][  0]LogConfig: Setting CVar [[r.ParticleLightQuality:0]]
[2024.01.28-16.14.13:154][  0]LogConfig: Setting CVar [[r.SkyAtmosphere.AerialPerspectiveLUT.FastApplyOnOpaque:1 ; Always have FastSkyLUT 1 in this case to avoid wrong sky]]
[2024.01.28-16.14.13:154][  0]LogConfig: Setting CVar [[r.SkyAtmosphere.AerialPerspectiveLUT.SampleCountMaxPerSlice:1]]
[2024.01.28-16.14.13:154][  0]LogConfig: Setting CVar [[r.SkyAtmosphere.AerialPerspectiveLUT.DepthResolution:8.0]]
[2024.01.28-16.14.13:154][  0]LogConfig: Setting CVar [[r.SkyAtmosphere.FastSkyLUT:1]]
[2024.01.28-16.14.13:154][  0]LogConfig: Setting CVar [[r.SkyAtmosphere.FastSkyLUT.SampleCountMin:2.0]]
[2024.01.28-16.14.13:154][  0]LogConfig: Setting CVar [[r.SkyAtmosphere.FastSkyLUT.SampleCountMax:16.0]]
[2024.01.28-16.14.13:154][  0]LogConfig: Setting CVar [[r.SkyAtmosphere.SampleCountMin:2.0]]
[2024.01.28-16.14.13:154][  0]LogConfig: Setting CVar [[r.SkyAtmosphere.SampleCountMax:16.0]]
[2024.01.28-16.14.13:154][  0]LogConfig: Setting CVar [[r.SkyAtmosphere.TransmittanceLUT.UseSmallFormat:1]]
[2024.01.28-16.14.13:154][  0]LogConfig: Setting CVar [[r.SkyAtmosphere.TransmittanceLUT.SampleCount:10.0]]
[2024.01.28-16.14.13:154][  0]LogConfig: Setting CVar [[r.SkyAtmosphere.MultiScatteringLUT.SampleCount:15.0]]
[2024.01.28-16.14.13:154][  0]LogConfig: Setting CVar [[r.SkyLight.RealTimeReflectionCapture:0]]
[2024.01.28-16.14.13:154][  0]LogConfig: Applying CVar settings from Section [FoliageQuality@0] File [S:/ProjectS/SkillBox_practicS/SkillBox_git/Saved/Config/Windows/Scalability.ini]
[2024.01.28-16.14.13:154][  0]LogConfig: Setting CVar [[foliage.DensityScale:0]]
[2024.01.28-16.14.13:154][  0]LogConfig: Setting CVar [[grass.DensityScale:0]]
[2024.01.28-16.14.13:154][  0]LogConfig: Applying CVar settings from Section [ShadingQuality@0] File [S:/ProjectS/SkillBox_practicS/SkillBox_git/Saved/Config/Windows/Scalability.ini]
[2024.01.28-16.14.13:154][  0]LogConfig: Setting CVar [[r.HairStrands.SkyLighting.IntegrationType:2]]
[2024.01.28-16.14.13:154][  0]LogConfig: Setting CVar [[r.HairStrands.SkyAO.SampleCount:4]]
[2024.01.28-16.14.13:154][  0]LogConfig: Setting CVar [[r.HairStrands.Visibility.MSAA.SamplePerPixel:1]]
[2024.01.28-16.14.13:154][  0]LogConfig: Applying CVar settings from Section [Startup] File [../../../Engine/Config/ConsoleVariables.ini]
[2024.01.28-16.14.13:154][  0]LogConfig: Setting CVar [[net.UseAdaptiveNetUpdateFrequency:0]]
[2024.01.28-16.14.13:154][  0]LogConfig: Setting CVar [[p.chaos.AllowCreatePhysxBodies:1]]
[2024.01.28-16.14.13:154][  0]LogConfig: Setting CVar [[fx.SkipVectorVMBackendOptimizations:1]]
[2024.01.28-16.14.13:154][  0]LogConfig: Applying CVar settings from Section [ConsoleVariables] File [S:/ProjectS/SkillBox_practicS/SkillBox_git/Saved/Config/Windows/Engine.ini]
[2024.01.28-16.14.13:154][  0]LogConfig: Applying CVar settings from Section [ConsoleVariables] File [S:/ProjectS/SkillBox_practicS/SkillBox_git/Saved/Config/Windows/Editor.ini]
[2024.01.28-16.14.13:155][  0]LogInit: Computer: DESKTOP-VJQ3HAS
[2024.01.28-16.14.13:155][  0]LogInit: User: Blvllxl8
[2024.01.28-16.14.13:155][  0]LogInit: CPU Page size=4096, Cores=4
[2024.01.28-16.14.13:155][  0]LogInit: High frequency timer resolution =10.000000 MHz
[2024.01.28-16.14.13:155][  0]LogMemory: Memory total: Physical=8.0GB (8GB approx)
[2024.01.28-16.14.13:155][  0]LogMemory: Platform Memory Stats for Windows
[2024.01.28-16.14.13:155][  0]LogMemory: Process Physical Memory: 142.60 MB used, 142.60 MB peak
[2024.01.28-16.14.13:155][  0]LogMemory: Process Virtual Memory: 127.11 MB used, 127.11 MB peak
[2024.01.28-16.14.13:155][  0]LogMemory: Physical Memory: 5891.47 MB used,  2277.45 MB free, 8168.92 MB total
[2024.01.28-16.14.13:155][  0]LogMemory: Virtual Memory: 134208008.00 MB used,  9720.16 MB free, 134217728.00 MB total
[2024.01.28-16.14.13:162][  0]LogWindows: WindowsPlatformFeatures enabled
[2024.01.28-16.14.13:187][  0]LogInit: Physics initialised using underlying interface: PhysX
[2024.01.28-16.14.13:188][  0]LogInit: Using OS detected language (ru-RU).
[2024.01.28-16.14.13:188][  0]LogInit: Using OS detected locale (ru-RU).
[2024.01.28-16.14.13:192][  0]LogTextLocalizationManager: No specific localization for 'ru-RU' exists, so the 'ru' localization will be used.
[2024.01.28-16.14.13:192][  0]LogTextLocalizationResource: LocRes '../../../Engine/Content/Localization/Editor/ru/Editor.locres' could not be opened for reading!
[2024.01.28-16.14.13:192][  0]LogTextLocalizationResource: LocRes '../../../Engine/Content/Localization/EditorTutorials/ru/EditorTutorials.locres' could not be opened for reading!
[2024.01.28-16.14.13:192][  0]LogTextLocalizationResource: LocRes '../../../Engine/Content/Localization/Keywords/ru/Keywords.locres' could not be opened for reading!
[2024.01.28-16.14.13:193][  0]LogTextLocalizationResource: LocRes '../../../Engine/Content/Localization/Category/ru/Category.locres' could not be opened for reading!
[2024.01.28-16.14.13:193][  0]LogTextLocalizationResource: LocRes '../../../Engine/Content/Localization/ToolTips/ru/ToolTips.locres' could not be opened for reading!
[2024.01.28-16.14.13:193][  0]LogTextLocalizationResource: LocRes '../../../Engine/Content/Localization/PropertyNames/ru/PropertyNames.locres' could not be opened for reading!
[2024.01.28-16.14.13:193][  0]LogTextLocalizationResource: LocRes '../../../Engine/Content/Localization/Engine/ru/Engine.locres' could not be opened for reading!
[2024.01.28-16.14.13:194][  0]LogInit: Setting process to per monitor DPI aware
[2024.01.28-16.14.13:208][  0]LogWindowsTextInputMethodSystem: Display: IME system deactivated.
[2024.01.28-16.14.13:221][  0]LogSlate: New Slate User Created.  User Index 0, Is Virtual User: 0
[2024.01.28-16.14.13:221][  0]LogSlate: Slate User Registered.  User Index 0, Is Virtual User: 0
[2024.01.28-16.14.13:382][  0]LogD3D11RHI: Loaded GFSDK_Aftermath_Lib.x64.dll
[2024.01.28-16.14.13:387][  0]LogHMD: Failed to initialize OpenVR with code 110
[2024.01.28-16.14.13:387][  0]LogD3D11RHI: D3D11 min allowed feature level: 11_0
[2024.01.28-16.14.13:387][  0]LogD3D11RHI: D3D11 max allowed feature level: 11_0
[2024.01.28-16.14.13:387][  0]LogD3D11RHI: D3D11 adapters:
[2024.01.28-16.14.13:443][  0]LogD3D11RHI:    0. 'NVIDIA GeForce GTX 550 Ti' (Feature Level 11_0)
[2024.01.28-16.14.13:443][  0]LogD3D11RHI:       977/0/4084 MB DedicatedVideo/DedicatedSystem/SharedSystem, Outputs:2, VendorId:0x10de
[2024.01.28-16.14.13:445][  0]LogD3D11RHI:    1. 'Microsoft Basic Render Driver' (Feature Level 11_0)
[2024.01.28-16.14.13:445][  0]LogD3D11RHI:       0/0/4084 MB DedicatedVideo/DedicatedSystem/SharedSystem, Outputs:0, VendorId:0x1414
[2024.01.28-16.14.13:445][  0]LogD3D11RHI: Chosen D3D11 Adapter:
[2024.01.28-16.14.13:445][  0]LogD3D11RHI:     Description : NVIDIA GeForce GTX 550 Ti
[2024.01.28-16.14.13:445][  0]LogD3D11RHI:     VendorId    : 10de
[2024.01.28-16.14.13:445][  0]LogD3D11RHI:     DeviceId    : 1244
[2024.01.28-16.14.13:445][  0]LogD3D11RHI:     SubSysId    : 0000
[2024.01.28-16.14.13:445][  0]LogD3D11RHI:     Revision    : 00a1
[2024.01.28-16.14.13:445][  0]LogD3D11RHI:     DedicatedVideoMemory : 1024524288 bytes
[2024.01.28-16.14.13:445][  0]LogD3D11RHI:     DedicatedSystemMemory : 0 bytes
[2024.01.28-16.14.13:445][  0]LogD3D11RHI:     SharedSystemMemory : 4282867712 bytes
[2024.01.28-16.14.13:445][  0]LogD3D11RHI:     AdapterLuid : 0 39457
[2024.01.28-16.14.13:452][  0]LogD3D11RHI: Creating new Direct3DDevice
[2024.01.28-16.14.13:452][  0]LogD3D11RHI:     GPU DeviceId: 0x1244 (for the marketing name, search the web for "GPU Device Id")
[2024.01.28-16.14.13:452][  0]LogWindows: EnumDisplayDevices:
[2024.01.28-16.14.13:452][  0]LogWindows:    0. 'NVIDIA GeForce GTX 550 Ti' (P:1 D:1)
[2024.01.28-16.14.13:453][  0]LogWindows:    1. 'NVIDIA GeForce GTX 550 Ti' (P:0 D:1)
[2024.01.28-16.14.13:453][  0]LogWindows: DebugString: FoundDriverCount:2 
[2024.01.28-16.14.13:453][  0]LogD3D11RHI:     Adapter Name: NVIDIA GeForce GTX 550 Ti
[2024.01.28-16.14.13:453][  0]LogD3D11RHI:   Driver Version: 388.13 (internal:23.21.13.8813, unified:388.13)
[2024.01.28-16.14.13:453][  0]LogD3D11RHI:      Driver Date: 10-27-2017
[2024.01.28-16.14.13:453][  0]LogRHI: Texture pool is 683 MB (70% of 977 MB)
[2024.01.28-16.14.13:453][  0]LogD3D11RHI: Creating D3DDevice using adapter:
[2024.01.28-16.14.13:453][  0]LogD3D11RHI:     Description : NVIDIA GeForce GTX 550 Ti
[2024.01.28-16.14.13:453][  0]LogD3D11RHI:     VendorId    : 10de
[2024.01.28-16.14.13:453][  0]LogD3D11RHI:     DeviceId    : 1244
[2024.01.28-16.14.13:453][  0]LogD3D11RHI:     SubSysId    : 0000
[2024.01.28-16.14.13:453][  0]LogD3D11RHI:     Revision    : 00a1
[2024.01.28-16.14.13:453][  0]LogD3D11RHI:     DedicatedVideoMemory : 1024524288 bytes
[2024.01.28-16.14.13:453][  0]LogD3D11RHI:     DedicatedSystemMemory : 0 bytes
[2024.01.28-16.14.13:453][  0]LogD3D11RHI:     SharedSystemMemory : 4282867712 bytes
[2024.01.28-16.14.13:453][  0]LogD3D11RHI:     AdapterLuid : 0 39457
[2024.01.28-16.14.13:494][  0]LogD3D11RHI: Display: Timestamp queries are currently disabled on this hardware due to instability. Realtime GPU stats will not be available. You can override this behaviour by setting r.NVIDIATimestampWorkaround to 0
[2024.01.28-16.14.13:494][  0]LogD3D11RHI: RHI does not have support for 64 bit atomics
[2024.01.28-16.14.13:494][  0]LogD3D11RHI: Async texture creation enabled
[2024.01.28-16.14.13:560][  0]LogD3D11RHI: GPU Timing Frequency: 1000.000000 (Debug: 2 1)
[2024.01.28-16.14.13:616][  0]LogRHI: GeForceNow SDK initialized: 1
[2024.01.28-16.14.14:024][  0]LogTargetPlatformManager: Display: Loaded TargetPlatform 'AllDesktop'
[2024.01.28-16.14.14:054][  0]LogTargetPlatformManager: Display: Loaded TargetPlatform 'Android'
[2024.01.28-16.14.14:054][  0]LogTargetPlatformManager: Display: Loaded TargetPlatform 'Android_ASTC'
[2024.01.28-16.14.14:054][  0]LogTargetPlatformManager: Display: Loaded TargetPlatform 'Android_DXT'
[2024.01.28-16.14.14:054][  0]LogTargetPlatformManager: Display: Loaded TargetPlatform 'Android_ETC2'
[2024.01.28-16.14.14:054][  0]LogTargetPlatformManager: Display: Loaded TargetPlatform 'AndroidClient'
[2024.01.28-16.14.14:054][  0]LogTargetPlatformManager: Display: Loaded TargetPlatform 'Android_ASTCClient'
[2024.01.28-16.14.14:054][  0]LogTargetPlatformManager: Display: Loaded TargetPlatform 'Android_DXTClient'
[2024.01.28-16.14.14:054][  0]LogTargetPlatformManager: Display: Loaded TargetPlatform 'Android_ETC2Client'
[2024.01.28-16.14.14:054][  0]LogTargetPlatformManager: Display: Loaded TargetPlatform 'Android_Multi'
[2024.01.28-16.14.14:054][  0]LogTargetPlatformManager: Display: Loaded TargetPlatform 'Android_MultiClient'
[2024.01.28-16.14.14:079][  0]LogTargetPlatformManager: Display: Loaded TargetPlatform 'IOSClient'
[2024.01.28-16.14.14:079][  0]LogTargetPlatformManager: Display: Loaded TargetPlatform 'IOS'
[2024.01.28-16.14.14:091][  0]LogTargetPlatformManager: Display: Loaded TargetPlatform 'Linux'
[2024.01.28-16.14.14:098][  0]LogTargetPlatformManager: Display: Loaded TargetPlatform 'LinuxNoEditor'
[2024.01.28-16.14.14:104][  0]LogTargetPlatformManager: Display: Loaded TargetPlatform 'LinuxClient'
[2024.01.28-16.14.14:110][  0]LogTargetPlatformManager: Display: Loaded TargetPlatform 'LinuxServer'
[2024.01.28-16.14.14:122][  0]LogTargetPlatformManager: Display: Loaded TargetPlatform 'LinuxAArch64NoEditor'
[2024.01.28-16.14.14:128][  0]LogTargetPlatformManager: Display: Loaded TargetPlatform 'LinuxAArch64Client'
[2024.01.28-16.14.14:135][  0]LogTargetPlatformManager: Display: Loaded TargetPlatform 'LinuxAArch64Server'
[2024.01.28-16.14.14:164][  0]LogTargetPlatformManager: Display: Loaded TargetPlatform 'Lumin'
[2024.01.28-16.14.14:164][  0]LogTargetPlatformManager: Display: Loaded TargetPlatform 'LuminClient'
[2024.01.28-16.14.14:176][  0]LogTargetPlatformManager: Display: Loaded TargetPlatform 'MacNoEditor'
[2024.01.28-16.14.14:182][  0]LogTargetPlatformManager: Display: Loaded TargetPlatform 'Mac'
[2024.01.28-16.14.14:189][  0]LogTargetPlatformManager: Display: Loaded TargetPlatform 'MacClient'
[2024.01.28-16.14.14:196][  0]LogTargetPlatformManager: Display: Loaded TargetPlatform 'MacServer'
[2024.01.28-16.14.14:210][  0]LogTargetPlatformManager: Display: Loaded TargetPlatform 'TVOSClient'
[2024.01.28-16.14.14:210][  0]LogTargetPlatformManager: Display: Loaded TargetPlatform 'TVOS'
[2024.01.28-16.14.14:222][  0]LogTargetPlatformManager: Display: Loaded TargetPlatform 'WindowsNoEditor'
[2024.01.28-16.14.14:228][  0]LogTargetPlatformManager: Display: Loaded TargetPlatform 'Windows'
[2024.01.28-16.14.14:234][  0]LogTargetPlatformManager: Display: Loaded TargetPlatform 'WindowsClient'
[2024.01.28-16.14.14:241][  0]LogTargetPlatformManager: Display: Loaded TargetPlatform 'WindowsServer'
[2024.01.28-16.14.14:241][  0]LogTargetPlatformManager: Display: Building Assets For Windows
[2024.01.28-16.14.14:252][  0]LogAudioDebug: Display: Lib vorbis DLL was dynamically loaded.
[2024.01.28-16.14.14:293][  0]LogTextureFormatOodle: Display: Oodle Texture 2.9.0 init RDO Off
[2024.01.28-16.14.14:342][  0]LogRendererCore: Ray tracing is disabled. Reason: r.RayTracing=0.
[2024.01.28-16.14.14:342][  0]LogShaderCompilers: Guid format shader working directory is -6 characters bigger than the processId version (../../../../../ProjectS/SkillBox_practicS/SkillBox_git/Intermediate/Shaders/WorkingDirectory/10024/).
[2024.01.28-16.14.14:342][  0]LogShaderCompilers: Cleaned the shader compiler working directory 'S:/Users/Blvllxl8/AppData/Local/Temp/UnrealShaderWorkingDir/B0D1B1FF46EE4FADDFB9CAB8DDF1D0DC/'.
[2024.01.28-16.14.14:343][  0]LogXGEController: Cannot use XGE Controller as Incredibuild is not installed on this machine.
[2024.01.28-16.14.14:343][  0]LogShaderCompilers: Cannot use XGE Shader Compiler as Incredibuild is not installed on this machine.
[2024.01.28-16.14.14:343][  0]LogShaderCompilers: Display: Using Local Shader Compiler.
[2024.01.28-16.14.15:349][  0]LogDerivedDataCache: Display: Max Cache Size: 512 MB
[2024.01.28-16.14.15:440][  0]LogDerivedDataCache: Loaded boot cache 0.09s 94MB S:/Users/Blvllxl8/AppData/Local/UnrealEngine/4.27/DerivedDataCache/Boot.ddc.
[2024.01.28-16.14.15:440][  0]LogDerivedDataCache: Display: Loaded Boot cache: S:/Users/Blvllxl8/AppData/Local/UnrealEngine/4.27/DerivedDataCache/Boot.ddc
[2024.01.28-16.14.15:441][  0]LogDerivedDataCache: FDerivedDataBackendGraph:  Pak pak cache file ../../../../../ProjectS/SkillBox_practicS/SkillBox_git/DerivedDataCache/DDC.ddp not found, will not use a pak cache.
[2024.01.28-16.14.15:441][  0]LogDerivedDataCache: Unable to find inner node Pak for hierarchical cache Hierarchy.
[2024.01.28-16.14.15:441][  0]LogDerivedDataCache: FDerivedDataBackendGraph:  CompressedPak pak cache file ../../../../../ProjectS/SkillBox_practicS/SkillBox_git/DerivedDataCache/Compressed.ddp not found, will not use a pak cache.
[2024.01.28-16.14.15:441][  0]LogDerivedDataCache: Unable to find inner node CompressedPak for hierarchical cache Hierarchy.
[2024.01.28-16.14.15:464][  0]LogDerivedDataCache: Display: Pak cache opened for reading ../../../Engine/DerivedDataCache/Compressed.ddp.
[2024.01.28-16.14.15:464][  0]LogDerivedDataCache: FDerivedDataBackendGraph:  EnterprisePak pak cache file ../../../Enterprise/DerivedDataCache/Compressed.ddp not found, will not use a pak cache.
[2024.01.28-16.14.15:464][  0]LogDerivedDataCache: Unable to find inner node EnterprisePak for hierarchical cache Hierarchy.
[2024.01.28-16.14.15:472][  0]LogDerivedDataCache: Speed tests for S:/Users/Blvllxl8/AppData/Local/UnrealEngine/Common/DerivedDataCache took 0.01 seconds
[2024.01.28-16.14.15:472][  0]LogDerivedDataCache: Display: Performance to S:/Users/Blvllxl8/AppData/Local/UnrealEngine/Common/DerivedDataCache: Latency=0.02ms. RandomReadSpeed=868.54MBs, RandomWriteSpeed=149.50MBs. Assigned SpeedClass 'Local'
[2024.01.28-16.14.15:473][  0]LogDerivedDataCache: Using Local data cache path S:/Users/Blvllxl8/AppData/Local/UnrealEngine/Common/DerivedDataCache: Writable
[2024.01.28-16.14.15:473][  0]LogDerivedDataCache: Shared data cache path not found in *engine.ini, will not use an Shared cache.
[2024.01.28-16.14.15:473][  0]LogDerivedDataCache: Unable to find inner node Shared for hierarchical cache Hierarchy.
[2024.01.28-16.14.15:540][  0]LogSlate: Using FreeType 2.10.0
[2024.01.28-16.14.15:541][  0]LogSlate: SlateFontServices - WITH_FREETYPE: 1, WITH_HARFBUZZ: 1
[2024.01.28-16.14.15:575][  0]LogAssetRegistry: FAssetRegistry took 0.0033 seconds to start up
[2024.01.28-16.14.15:924][  0]LogInit: Selected Device Profile: [Windows]
[2024.01.28-16.14.15:925][  0]LogInit: Active device profile: [000001BD2C750900][000001BD2349C980 49] Windows
[2024.01.28-16.14.15:925][  0]LogInit: Profiles: [000001BD2C750900][000001BD2349C980 49] Windows, [000001BD2C71F200][000001BD2BE9CAC0 49] WindowsNoEditor, [000001BD2C753500][000001BD2043EC40 49] WindowsServer, [000001BD2C71FC00][000001BD20442DC0 49] WindowsClient, [000001BD2C753800][000001BD1F8A8F40 49] IOS, [000001BD2C71E200][000001BD1F8AD0C0 49] iPadAir, [000001BD2C752000][000001BD1F8B1240 49] iPadAir2, [000001BD2C6A8A00][000001BD1F8BD500 49] IPadPro, [000001BD2C6A8B00][000001BD1F8B5540 49] iPadAir3, [000001BD2C71D300][000001BD1F8FD6C0 49] iPadAir4, [000001BD2C6AB400][000001BD1F901840 49] iPadMini2, [000001BD2C71E400][000001BD1F9059C0 49] iPadMini3, [000001BD2C6A9700][000001BD1F909B40 49] iPadMini4, [000001BD2C751100][000001BD2D06E140 49] iPadMini5, [000001BD2C6BC300][000001BD2D076400 49] iPhone6, [000001BD2C6BC400][000001BD2D072440 49] iPodTouch6, [000001BD2C683F00][000001BD2D07E700 49] iPhone7, [000001BD2C683E00][000001BD2D07A740 49] iPodTouch7, [000001BD2C71DA00][000001BD2D0828C0 49] iPhone5S, [000001BD2C681A00][000001BD2043AA00 49] iPhone6Plus, [000001BD2C6BC200][000001BD2D086B40 49] iPhone6S, [000001BD2C680600][000001BD2D08AC80 49] iPhone6SPlus, [000001BD2C6BE900][000001BD2D08EDC0 49] iPhone7Plus, [000001BD2C683100][000001BD2D096F40 49] iPhoneSE, [000001BD2C6BE200][000001BD2D09B0C0 49] iPhone8, [000001BD2C683B00][000001BD2D09F240 49] iPhone8Plus, [000001BD2C6BCA00][000001BD2D0A33C0 49] iPhoneX, [000001BD2C681400][000001BD2D0A7540 49] iPhoneXS, [000001BD2C6BF900][000001BD2D0AB6C0 49] iPhoneXSMax, [000001BD2C680900][000001BD2D0AF840 49] iPhoneXR, [000001BD2C6BEF00][000001BD2D0B39C0 49] iPhone11, [000001BD2C681300][000001BD2D0B7B40 49] iPhone11Pro, [000001BD2C6BD000][000001BD2D0BA140 49] iPhone11ProMax, [000001BD2C682A00][000001BD2D0BE2C0 49] iPhoneSE2, [000001BD2C6BD400][000001BD2D0C2440 49] iPhone12Mini, [000001BD2C682400][000001BD2D0C65C0 49] iPhone12, [000001BD2C6BCD00][000001BD2D0CA740 49] iPhone12Pro, [000001BD2C682B00][000001BD2D0CE8C0 49] iPhone12ProMax, [000001BD2C6BF000][000001BD2D0D2A40 49] iPadPro105, [000001BD2C680700][000001BD2D092B80 49] iPadPro129, [000001BD2C6BE800][000001BD2D0D6CC0 49] iPadPro97, [000001BD2C682600][000001BD2D0DAE00 49] iPadPro2_129, [000001BD2C6BFC00][000001BD2D0DEF40 49] iPad5, [000001BD2C682200][000001BD2D0E70C0 49] iPad6, [000001BD2C6BCF00][000001BD2D0EB240 49] iPad7, [000001BD2C682D00][000001BD2D0EF3C0 49] iPad8, [000001BD2C6BD100][000001BD2D0F3540 49] iPadPro11, [000001BD2C681600][000001BD2D0F76C0 49] iPadPro2_11, [000001BD2C6BF400][000001BD2D0FB840 49] iPadPro3_129, [000001BD2C682800][000001BD2D0FF9C0 49] iPadPro4_129, [000001BD2C6BFA00][000001BD2D103B40 49] AppleTV, [000001BD2C682100][000001BD2D106140 49] AppleTV4K, [000001BD2C6BDF00][000001BD2D10A2C0 49] TVOS, [000001BD2C683400][000001BD2D10E440 49] Mac, [000001BD2C6BF800][000001BD2D1125C0 49] MacClient, [000001BD2C681E00][000001BD2D116740 49] MacNoEditor, [000001BD2C6BFF00][000001BD2D11A8C0 49] MacServer, [000001BD2C683500][000001BD2D11EA40 49] Linux, [000001BD2C6BCC00][000001BD2D122BC0 49] LinuxAArch64, [000001BD2C682F00][000001BD2D126D40 49] LinuxNoEditor, [000001BD2C6BCB00][000001BD2D0E2E80 49] LinuxAArch64NoEditor, [000001BD2C683700][000001BD2D12AFC0 49] LinuxClient, [000001BD2C6BDA00][000001BD2D12F100 49] LinuxAArch64Client, [000001BD2C681000][000001BD2D137280 49] LinuxServer, [000001BD2C6BE500][000001BD2D13B400 49] LinuxAArch64Server, [000001BD2C681900][000001BD2D13F580 49] Android, [000001BD2C6BD300][000001BD2D143700 49] Android_Low, [000001BD2C682700][000001BD2D147880 49] Android_Mid, [000001BD2C6BEB00][000001BD2D14BA00 49] Android_High, [000001BD2C683800][000001BD2D14FB80 49] Android_Default, [000001BD2C6BD600][000001BD2D152180 49] Android_Adreno4xx, [000001BD2C681500][000001BD2D156300 49] Android_Adreno5xx_Low, [000001BD2C6AB600][000001BD2D15A480 49] Android_Adreno5xx, [000001BD2C71D200][000001BD2D15E600 49] Android_Adreno6xx, [000001BD2C6A9200][000001BD2D162780 49] Android_Adreno6xx_Vulkan, [000001BD2C71F600][000001BD2D166900 49] Android_Mali_T6xx, [000001BD2C6A9100][000001BD2D16AA80 49] Android_Mali_T7xx, [000001BD2C71D000][000001BD2D16EC00 49] Android_Mali_T8xx, [000001BD2C6A9E00][000001BD2D172D80 49] Android_Mali_G71, [000001BD2C71C500][000001BD2D176F00 49] Android_Mali_G72, [000001BD2C6A8800][000001BD2D133040 49] Android_Mali_G72_Vulkan, [000001BD2C71CD00][000001BD2D17B180 49] Android_Mali_G76, [000001BD2C6A8100][000001BD2D17F2C0 49] Android_Mali_G76_Vulkan, [000001BD2C71D900][000001BD2D187440 49] Android_Mali_G77, [000001BD2C6A9000][000001BD2D18B5C0 49] Android_Mali_G77_Vulkan, [000001BD2C71CA00][000001BD2D18F740 49] Android_Mali_G78, [000001BD2C6AAC00][000001BD2D1938C0 49] Android_Mali_G78_Vulkan, [000001BD2C71F000][000001BD2D197A40 49] Android_Mali_G710, [000001BD2C6AAA00][000001BD2D19BBC0 49] Android_Mali_G710_Vulkan, [000001BD2C71F900][000001BD2D19E1C0 49] Android_Vulkan_SM5, [000001BD2C6ABB00][000001BD2D1A2340 49] Android_PowerVR_G6xxx, [000001BD2C71F500][000001BD2D1A64C0 49] Android_PowerVR_GT7xxx, [000001BD2C6AB900][000001BD2D1AA640 49] Android_PowerVR_GE8xxx, [000001BD2C71FE00][000001BD2D1AE7C0 49] Android_PowerVR_GM9xxx, [000001BD2C6AA700][000001BD2D1B2940 49] Android_PowerVR_GM9xxx_Vulkan, [000001BD2C71E100][000001BD2D1B6AC0 49] Android_TegraK1, [000001BD2C6A8900][000001BD2D1BAC40 49] Android_Unknown_Vulkan, [000001BD2C71D700][000001BD2D1BEDC0 49] Lumin, [000001BD2C6A8500][000001BD2D1C2F40 49] Lumin_Desktop, [000001BD2C71ED00][000001BD2D1C70C0 49] HoloLens, 
[2024.01.28-16.14.16:161][  0]LogMeshReduction: Using QuadricMeshReduction for automatic static mesh reduction
[2024.01.28-16.14.16:161][  0]LogMeshReduction: Using SimplygonMeshReduction for automatic skeletal mesh reduction
[2024.01.28-16.14.16:161][  0]LogMeshReduction: Using ProxyLODMeshReduction for automatic mesh merging
[2024.01.28-16.14.16:161][  0]LogMeshReduction: No distributed automatic mesh merging module available
[2024.01.28-16.14.16:161][  0]LogMeshMerging: No distributed automatic mesh merging module available
[2024.01.28-16.14.16:186][  0]LogNetVersion: SkillBox_git 1.0.0, NetCL: 17155196, EngineNetVer: 17, GameNetVer: 0 (Checksum: 4251872621)
[2024.01.28-16.14.16:787][  0]LogTexture: Default maximum texture size for cubemaps generated from long-lat sources has been changed from 512 to unlimited. In order to preserve old behaiour for '/Engine/MapTemplates/Sky/DaylightAmbientCubemap.DaylightAmbientCubemap', its maximum texture size has been explicitly set to 512.
[2024.01.28-16.14.16:899][  0]LogHMD: PokeAHoleMaterial loaded successfully
[2024.01.28-16.14.16:908][  0]LogUObjectArray: 17178 objects as part of root set at end of initial load.
[2024.01.28-16.14.16:908][  0]LogUObjectAllocator: 4302048 out of 0 bytes used by permanent object pool.
[2024.01.28-16.14.16:908][  0]LogUObjectArray: CloseDisregardForGC: 0/0 objects in disregard for GC pool
[2024.01.28-16.14.17:381][  0]LogNiagaraDebuggerClient: Niagara Debugger Client Initialized | Session: 7818BCA847BB88424FC35796D183AD90 | Instance: B462F4324D850C34BA5D8FB6A1F58F68 (DESKTOP-VJQ3HAS-10024).
[2024.01.28-16.14.17:578][  0]LogPython: Using Python 3.7.7
[2024.01.28-16.14.18:448][  0]LogTcpMessaging: Initializing TcpMessaging bridge
[2024.01.28-16.14.18:466][  0]LogUdpMessaging: Initializing bridge on interface 0.0.0.0:0 to multicast group 230.0.0.1:6666.
[2024.01.28-16.14.18:664][  0]SourceControl: Source control is disabled
[2024.01.28-16.14.18:664][  0]SourceControl: Source control is disabled
[2024.01.28-16.14.18:668][  0]SourceControl: Source control is disabled
[2024.01.28-16.14.18:672][  0]SourceControl: Source control is disabled
[2024.01.28-16.14.18:685][  0]SourceControl: Source control is disabled
[2024.01.28-16.14.18:693][  0]LogUProjectInfo: Found projects:
[2024.01.28-16.14.18:982][  0]LogOpenImageDenoise: OIDN starting up
[2024.01.28-16.14.19:041][  0]LogAndroidPermission: UAndroidPermissionCallbackProxy::GetInstance
[2024.01.28-16.14.19:074][  0]LogAudioCaptureCore: Display: No Audio Capture implementations found. Audio input will be silent.
[2024.01.28-16.14.19:074][  0]LogAudioCaptureCore: Display: No Audio Capture implementations found. Audio input will be silent.
[2024.01.28-16.14.19:250][  0]LogCollectionManager: Loaded 0 collections in 0.002154 seconds
[2024.01.28-16.14.19:285][  0]LogFileCache: Scanning file cache for directory 'S:/ProjectS/SkillBox_practicS/SkillBox_git/Saved/Collections/' took 0.00s
[2024.01.28-16.14.19:285][  0]LogFileCache: Scanning file cache for directory 'S:/ProjectS/SkillBox_practicS/SkillBox_git/Content/Developers/Blvllxl8/Collections/' took 0.00s
[2024.01.28-16.14.19:285][  0]LogFileCache: Scanning file cache for directory 'S:/ProjectS/SkillBox_practicS/SkillBox_git/Content/Collections/' took 0.00s
[2024.01.28-16.14.19:285][  0]LogOcInput: OculusInput pre-init called
[2024.01.28-16.14.19:621][  0]LogEngine: Initializing Engine...
[2024.01.28-16.14.19:625][  0]LogHMD: Failed to enumerate extensions. Please check that you have a valid OpenXR runtime installed.
[2024.01.28-16.14.19:625][  0]LogHMD: Failed to initialize OpenVR with code 110
[2024.01.28-16.14.19:625][  0]LogMagicLeap: Warning: VR disabled because ZI is not enabled.  To enable, in the editor, Edit -> Project Settings -> Plugins -> Magic Leap Plugin -> Enable Zero Iteration
[2024.01.28-16.14.19:626][  0]LogStats: UGameplayTagsManager::InitializeManager -  0.000 s
[2024.01.28-16.14.19:822][  0]LogInit: Initializing FReadOnlyCVARCache
[2024.01.28-16.14.19:837][  0]LogAIModule: Creating AISystem for world Untitled
[2024.01.28-16.14.19:870][  0]LogAudio: Display: Initializing Audio Device Manager...
[2024.01.28-16.14.19:875][  0]LogAudio: Display: Loading Default Audio Settings Objects...
[2024.01.28-16.14.19:876][  0]LogAudio: Display: No default SoundConcurrencyObject specified (or failed to load).
[2024.01.28-16.14.19:876][  0]LogAudio: Display: Audio Device Manager Initialized
[2024.01.28-16.14.19:876][  0]LogAudio: Display: Creating Audio Device:                 Id: 1, Scope: Shared, Realtime: True
[2024.01.28-16.14.19:876][  0]LogAudioMixer: Display: Audio Mixer Platform Settings:
[2024.01.28-16.14.19:876][  0]LogAudioMixer: Display: 	Sample Rate:						  48000
[2024.01.28-16.14.19:876][  0]LogAudioMixer: Display: 	Callback Buffer Frame Size Requested: 1024
[2024.01.28-16.14.19:876][  0]LogAudioMixer: Display: 	Callback Buffer Frame Size To Use:	  1024
[2024.01.28-16.14.19:876][  0]LogAudioMixer: Display: 	Number of buffers to queue:			  2
[2024.01.28-16.14.19:876][  0]LogAudioMixer: Display: 	Max Channels (voices):				  32
[2024.01.28-16.14.19:876][  0]LogAudioMixer: Display: 	Number of Async Source Workers:		  0
[2024.01.28-16.14.19:876][  0]LogAudio: Display: AudioDevice MaxSources: 32
[2024.01.28-16.14.19:877][  0]LogAudio: Display: Audio Spatialization Plugin: None (built-in).
[2024.01.28-16.14.19:877][  0]LogAudio: Display: Audio Reverb Plugin: None (built-in).
[2024.01.28-16.14.19:877][  0]LogAudio: Display: Audio Occlusion Plugin: None (built-in).
[2024.01.28-16.14.19:877][  0]LogAudioMixer: Display: Initializing audio mixer.
[2024.01.28-16.14.19:890][  0]LogAudioMixer: Display: 0: FrontLeft
[2024.01.28-16.14.19:890][  0]LogAudioMixer: Display: 1: FrontRight
[2024.01.28-16.14.19:920][  0]LogAudioMixer: Display: Using Audio Device Наушники (WI-C100)
[2024.01.28-16.14.19:923][  0]LogAudioMixer: Display: Initializing Sound Submixes...
[2024.01.28-16.14.19:926][  0]LogAudioMixer: Display: Creating Master Submix 'MasterSubmixDefault'
[2024.01.28-16.14.19:926][  0]LogAudioMixer: Display: Creating Master Submix 'MasterReverbSubmixDefault'
[2024.01.28-16.14.19:927][  0]LogAudioMixer: Display: Creating Master Submix 'MasterEQSubmixDefault'
[2024.01.28-16.14.19:927][  0]LogAudioMixer: FMixerPlatformXAudio2::StartAudioStream() called
[2024.01.28-16.14.19:927][  0]LogAudioMixer: Display: Output buffers initialized: Frames=1024, Channels=2, Samples=2048
[2024.01.28-16.14.19:929][  0]LogAudioMixer: Display: Starting AudioMixerPlatformInterface::RunInternal()
[2024.01.28-16.14.19:929][  0]LogAudioMixer: Display: FMixerPlatformXAudio2::SubmitBuffer() called for the first time
[2024.01.28-16.14.19:929][  0]LogInit: FAudioDevice initialized.
[2024.01.28-16.14.19:929][  0]LogAudio: Display: Audio Device (ID: 1) registered with world 'Untitled'.
[2024.01.28-16.14.19:930][  0]LogNetVersion: Set ProjectVersion to 1.0.0.0. Version Checksum will be recalculated on next use.
[2024.01.28-16.14.20:083][  0]LogDerivedDataCache: Saved boot cache 0.15s 94MB S:/Users/Blvllxl8/AppData/Local/UnrealEngine/4.27/DerivedDataCache/Boot.ddc.
[2024.01.28-16.14.20:084][  0]LogInit: Texture streaming: Enabled
[2024.01.28-16.14.20:104][  0]LogAnalytics: Display: [UEEditor.Rocket.Release] APIServer = https://datarouter.ol.epicgames.com/. AppVersion = 4.27.2-18319896+++UE4+Release-4.27
[2024.01.28-16.14.20:109][  0]LogEngineSessionManager: EngineSessionManager initialized
[2024.01.28-16.14.20:109][  0]LogEditorSessionSummary: Verbose: Initializing EditorSessionSummaryWriter for editor session tracking
[2024.01.28-16.14.20:113][  0]LogEditorSessionSummary: EditorSessionSummaryWriter initialized
[2024.01.28-16.14.20:135][  0]LogInit: Transaction tracking system initialized
[2024.01.28-16.14.20:170][  0]BlueprintLog: New page: Editor Load
[2024.01.28-16.14.20:278][  0]LocalizationService: Localization service is disabled
[2024.01.28-16.14.20:310][  0]TimingProfiler: Initialize
[2024.01.28-16.14.20:310][  0]TimingProfiler: OnSessionChanged
[2024.01.28-16.14.20:310][  0]LoadingProfiler: Initialize
[2024.01.28-16.14.20:310][  0]LoadingProfiler: OnSessionChanged
[2024.01.28-16.14.20:310][  0]NetworkingProfiler: Initialize
[2024.01.28-16.14.20:310][  0]NetworkingProfiler: OnSessionChanged
[2024.01.28-16.14.20:310][  0]MemoryProfiler: Initialize
[2024.01.28-16.14.20:310][  0]MemoryProfiler: OnSessionChanged
[2024.01.28-16.14.20:514][  0]LogCook: Display: CookSettings for Memory: MemoryMaxUsedVirtual 0MiB, MemoryMaxUsedPhysical 16384MiB, MemoryMinFreeVirtual 0MiB, MemoryMinFreePhysical 1024MiB
[2024.01.28-16.14.20:514][  0]LogCook: Display: Mobile HDR setting 1
[2024.01.28-16.14.20:579][  0]LogFileCache: Scanning file cache for directory 'S:/ProjectS/SkillBox_practicS/SkillBox_git/Content/' took 0.00s
[2024.01.28-16.14.21:031][  0]LogInit: Display: Engine is initialized. Leaving FEngineLoop::Init()
[2024.01.28-16.14.21:036][  0]SourceControl: Source control is disabled
[2024.01.28-16.14.21:036][  0]LogUnrealEdMisc: Loading editor; pre map load, took 9.539
[2024.01.28-16.14.21:036][  0]Cmd: MAP LOAD FILE="../../../Engine/Content/Maps/Templates/Template_Default.umap" TEMPLATE=1 SHOWPROGRESS=1 FEATURELEVEL=3
[2024.01.28-16.14.21:036][  0]LightingResults: New page: Lighting Build
[2024.01.28-16.14.21:038][  0]LogWorld: UWorld::CleanupWorld for Untitled, bSessionEnded=true, bCleanupResources=true
[2024.01.28-16.14.21:038][  0]LogSlate: InvalidateAllWidgets triggered.  All widgets were invalidated
[2024.01.28-16.14.21:038][  0]MapCheck: New page: Map Check
[2024.01.28-16.14.21:038][  0]LightingResults: New page: Lighting Build
[2024.01.28-16.14.21:047][  0]LogAudio: Display: Audio Device unregistered from world 'None'.
[2024.01.28-16.14.21:051][  0]LogUObjectHash: Compacting FUObjectHashTables data took   1.24ms
[2024.01.28-16.14.21:129][  0]LogTexture: Display: Building textures: DeprecatedTextureEB9CBE3C423008B5E8E130901E171C89 (BGRA8, 128X128)
[2024.01.28-16.14.21:141][  0]LogAudio: Display: Audio Device (ID: 1) registered with world 'Untitled_1'.
[2024.01.28-16.14.21:142][  0]LogAIModule: Creating AISystem for world Untitled_1
[2024.01.28-16.14.21:147][  0]LogEditorServer: Finished looking for orphan Actors (0.000 secs)
[2024.01.28-16.14.21:158][  0]LogUObjectHash: Compacting FUObjectHashTables data took   1.33ms
[2024.01.28-16.14.21:159][  0]Cmd: MAP CHECKDEP NOCLEARLOG
[2024.01.28-16.14.21:159][  0]MapCheck: Map check complete: 0 Error(s), 0 Warning(s), took 0,12ms to complete.
[2024.01.28-16.14.21:159][  0]LogFileHelpers: Loading map 'Template_Default' took 0.122
[2024.01.28-16.14.21:161][  0]LogUnrealEdMisc: Total Editor Startup Time, took 9.663
[2024.01.28-16.14.21:320][  0]LogSlate: Updating window title bar state: overlay mode, drag disabled, window buttons hidden, title bar hidden
[2024.01.28-16.14.21:329][  0]LogSlate: Updating window title bar state: overlay mode, drag disabled, window buttons hidden, title bar hidden
[2024.01.28-16.14.21:337][  0]LogSlate: Updating window title bar state: overlay mode, drag disabled, window buttons hidden, title bar hidden
[2024.01.28-16.14.21:347][  0]LogSlate: Updating window title bar state: overlay mode, drag disabled, window buttons hidden, title bar hidden
[2024.01.28-16.14.21:378][  0]LogNativeClassHierarchy: Verbose: Native class hierarchy populated in 0.0124 seconds. Added 3822 classes and 928 folders.
[2024.01.28-16.14.21:380][  0]LogNativeClassHierarchy: Verbose: Native class hierarchy updated for 'WidgetCarousel' in 0.0003 seconds. Added 0 classes and 0 folders.
[2024.01.28-16.14.21:383][  0]LogPakFile: PakFile PrimaryIndexSize=187
[2024.01.28-16.14.21:383][  0]LogPakFile: PakFile PathHashIndexSize=101
[2024.01.28-16.14.21:383][  0]LogPakFile: PakFile FullDirectoryIndexSize=148
[2024.01.28-16.14.21:383][  0]LogShaderLibrary: Display: ShaderCodeLibraryPakFileMountedCallback: PakFile 'S:/Epic Games/UE_4.27/FeaturePacks/FP_FirstPerson.upack' (chunk index -1, root 'root:/') mounted
[2024.01.28-16.14.21:383][  0]LogShaderLibrary: Display: ShaderCodeLibraryPakFileMountedCallback: pending pak file info (ChunkID:-1 Root:root:/ File:S:/Epic Games/UE_4.27/FeaturePacks/FP_FirstPerson.upack)
[2024.01.28-16.14.21:383][  0]LogPakFile: OnPakFileMounted2Time == 0.000076
[2024.01.28-16.14.21:384][  0]LogPakFile: PakFile PrimaryIndexSize=189
[2024.01.28-16.14.21:384][  0]LogPakFile: PakFile PathHashIndexSize=101
[2024.01.28-16.14.21:384][  0]LogPakFile: PakFile FullDirectoryIndexSize=152
[2024.01.28-16.14.21:384][  0]LogShaderLibrary: Display: ShaderCodeLibraryPakFileMountedCallback: PakFile 'S:/Epic Games/UE_4.27/FeaturePacks/FP_FirstPersonBP.upack' (chunk index -1, root 'root:/') mounted
[2024.01.28-16.14.21:384][  0]LogShaderLibrary: Display: ShaderCodeLibraryPakFileMountedCallback: pending pak file info (ChunkID:-1 Root:root:/ File:S:/Epic Games/UE_4.27/FeaturePacks/FP_FirstPersonBP.upack)
[2024.01.28-16.14.21:384][  0]LogPakFile: OnPakFileMounted2Time == 0.000053
[2024.01.28-16.14.21:384][  0]LogPakFile: PakFile PrimaryIndexSize=191
[2024.01.28-16.14.21:384][  0]LogPakFile: PakFile PathHashIndexSize=101
[2024.01.28-16.14.21:384][  0]LogPakFile: PakFile FullDirectoryIndexSize=160
[2024.01.28-16.14.21:384][  0]LogShaderLibrary: Display: ShaderCodeLibraryPakFileMountedCallback: PakFile 'S:/Epic Games/UE_4.27/FeaturePacks/MobileStarterContent.upack' (chunk index -1, root 'root:/') mounted
[2024.01.28-16.14.21:384][  0]LogShaderLibrary: Display: ShaderCodeLibraryPakFileMountedCallback: pending pak file info (ChunkID:-1 Root:root:/ File:S:/Epic Games/UE_4.27/FeaturePacks/MobileStarterContent.upack)
[2024.01.28-16.14.21:384][  0]LogPakFile: OnPakFileMounted2Time == 0.000052
[2024.01.28-16.14.21:385][  0]LogPakFile: PakFile PrimaryIndexSize=185
[2024.01.28-16.14.21:385][  0]LogPakFile: PakFile PathHashIndexSize=101
[2024.01.28-16.14.21:385][  0]LogPakFile: PakFile FullDirectoryIndexSize=148
[2024.01.28-16.14.21:385][  0]LogShaderLibrary: Display: ShaderCodeLibraryPakFileMountedCallback: PakFile 'S:/Epic Games/UE_4.27/FeaturePacks/StarterContent.upack' (chunk index -1, root 'root:/') mounted
[2024.01.28-16.14.21:385][  0]LogShaderLibrary: Display: ShaderCodeLibraryPakFileMountedCallback: pending pak file info (ChunkID:-1 Root:root:/ File:S:/Epic Games/UE_4.27/FeaturePacks/StarterContent.upack)
[2024.01.28-16.14.21:385][  0]LogPakFile: OnPakFileMounted2Time == 0.000060
[2024.01.28-16.14.21:386][  0]LogPakFile: PakFile PrimaryIndexSize=190
[2024.01.28-16.14.21:386][  0]LogPakFile: PakFile PathHashIndexSize=101
[2024.01.28-16.14.21:386][  0]LogPakFile: PakFile FullDirectoryIndexSize=154
[2024.01.28-16.14.21:386][  0]LogShaderLibrary: Display: ShaderCodeLibraryPakFileMountedCallback: PakFile 'S:/Epic Games/UE_4.27/FeaturePacks/TP_2DSideScroller.upack' (chunk index -1, root 'root:/') mounted
[2024.01.28-16.14.21:386][  0]LogShaderLibrary: Display: ShaderCodeLibraryPakFileMountedCallback: pending pak file info (ChunkID:-1 Root:root:/ File:S:/Epic Games/UE_4.27/FeaturePacks/TP_2DSideScroller.upack)
[2024.01.28-16.14.21:386][  0]LogPakFile: OnPakFileMounted2Time == 0.000048
[2024.01.28-16.14.21:386][  0]LogPakFile: PakFile PrimaryIndexSize=192
[2024.01.28-16.14.21:386][  0]LogPakFile: PakFile PathHashIndexSize=101
[2024.01.28-16.14.21:386][  0]LogPakFile: PakFile FullDirectoryIndexSize=158
[2024.01.28-16.14.21:386][  0]LogShaderLibrary: Display: ShaderCodeLibraryPakFileMountedCallback: PakFile 'S:/Epic Games/UE_4.27/FeaturePacks/TP_2DSideScrollerBP.upack' (chunk index -1, root 'root:/') mounted
[2024.01.28-16.14.21:386][  0]LogShaderLibrary: Display: ShaderCodeLibraryPakFileMountedCallback: pending pak file info (ChunkID:-1 Root:root:/ File:S:/Epic Games/UE_4.27/FeaturePacks/TP_2DSideScrollerBP.upack)
[2024.01.28-16.14.21:387][  0]LogPakFile: OnPakFileMounted2Time == 0.000048
[2024.01.28-16.14.21:387][  0]LogPakFile: PakFile PrimaryIndexSize=182
[2024.01.28-16.14.21:387][  0]LogPakFile: PakFile PathHashIndexSize=101
[2024.01.28-16.14.21:387][  0]LogPakFile: PakFile FullDirectoryIndexSize=138
[2024.01.28-16.14.21:387][  0]LogShaderLibrary: Display: ShaderCodeLibraryPakFileMountedCallback: PakFile 'S:/Epic Games/UE_4.27/FeaturePacks/TP_Flying.upack' (chunk index -1, root 'root:/') mounted
[2024.01.28-16.14.21:387][  0]LogShaderLibrary: Display: ShaderCodeLibraryPakFileMountedCallback: pending pak file info (ChunkID:-1 Root:root:/ File:S:/Epic Games/UE_4.27/FeaturePacks/TP_Flying.upack)
[2024.01.28-16.14.21:387][  0]LogPakFile: OnPakFileMounted2Time == 0.000047
[2024.01.28-16.14.21:388][  0]LogPakFile: PakFile PrimaryIndexSize=184
[2024.01.28-16.14.21:388][  0]LogPakFile: PakFile PathHashIndexSize=101
[2024.01.28-16.14.21:388][  0]LogPakFile: PakFile FullDirectoryIndexSize=142
[2024.01.28-16.14.21:388][  0]LogShaderLibrary: Display: ShaderCodeLibraryPakFileMountedCallback: PakFile 'S:/Epic Games/UE_4.27/FeaturePacks/TP_FlyingBP.upack' (chunk index -1, root 'root:/') mounted
[2024.01.28-16.14.21:388][  0]LogShaderLibrary: Display: ShaderCodeLibraryPakFileMountedCallback: pending pak file info (ChunkID:-1 Root:root:/ File:S:/Epic Games/UE_4.27/FeaturePacks/TP_FlyingBP.upack)
[2024.01.28-16.14.21:388][  0]LogPakFile: OnPakFileMounted2Time == 0.000048
[2024.01.28-16.14.21:388][  0]LogPakFile: PakFile PrimaryIndexSize=188
[2024.01.28-16.14.21:388][  0]LogPakFile: PakFile PathHashIndexSize=101
[2024.01.28-16.14.21:388][  0]LogPakFile: PakFile FullDirectoryIndexSize=150
[2024.01.28-16.14.21:389][  0]LogShaderLibrary: Display: ShaderCodeLibraryPakFileMountedCallback: PakFile 'S:/Epic Games/UE_4.27/FeaturePacks/TP_HandheldARBP.upack' (chunk index -1, root 'root:/') mounted
[2024.01.28-16.14.21:389][  0]LogShaderLibrary: Display: ShaderCodeLibraryPakFileMountedCallback: pending pak file info (ChunkID:-1 Root:root:/ File:S:/Epic Games/UE_4.27/FeaturePacks/TP_HandheldARBP.upack)
[2024.01.28-16.14.21:389][  0]LogPakFile: OnPakFileMounted2Time == 0.000047
[2024.01.28-16.14.21:390][  0]LogPakFile: PakFile PrimaryIndexSize=182
[2024.01.28-16.14.21:390][  0]LogPakFile: PakFile PathHashIndexSize=101
[2024.01.28-16.14.21:390][  0]LogPakFile: PakFile FullDirectoryIndexSize=138
[2024.01.28-16.14.21:390][  0]LogShaderLibrary: Display: ShaderCodeLibraryPakFileMountedCallback: PakFile 'S:/Epic Games/UE_4.27/FeaturePacks/TP_Puzzle.upack' (chunk index -1, root 'root:/') mounted
[2024.01.28-16.14.21:390][  0]LogShaderLibrary: Display: ShaderCodeLibraryPakFileMountedCallback: pending pak file info (ChunkID:-1 Root:root:/ File:S:/Epic Games/UE_4.27/FeaturePacks/TP_Puzzle.upack)
[2024.01.28-16.14.21:390][  0]LogPakFile: OnPakFileMounted2Time == 0.000049
[2024.01.28-16.14.21:390][  0]LogPakFile: PakFile PrimaryIndexSize=184
[2024.01.28-16.14.21:390][  0]LogPakFile: PakFile PathHashIndexSize=101
[2024.01.28-16.14.21:390][  0]LogPakFile: PakFile FullDirectoryIndexSize=142
[2024.01.28-16.14.21:390][  0]LogShaderLibrary: Display: ShaderCodeLibraryPakFileMountedCallback: PakFile 'S:/Epic Games/UE_4.27/FeaturePacks/TP_PuzzleBP.upack' (chunk index -1, root 'root:/') mounted
[2024.01.28-16.14.21:390][  0]LogShaderLibrary: Display: ShaderCodeLibraryPakFileMountedCallback: pending pak file info (ChunkID:-1 Root:root:/ File:S:/Epic Games/UE_4.27/FeaturePacks/TP_PuzzleBP.upack)
[2024.01.28-16.14.21:390][  0]LogPakFile: OnPakFileMounted2Time == 0.000047
[2024.01.28-16.14.21:390][  0]LogPakFile: PakFile PrimaryIndexSize=183
[2024.01.28-16.14.21:390][  0]LogPakFile: PakFile PathHashIndexSize=101
[2024.01.28-16.14.21:390][  0]LogPakFile: PakFile FullDirectoryIndexSize=140
[2024.01.28-16.14.21:390][  0]LogShaderLibrary: Display: ShaderCodeLibraryPakFileMountedCallback: PakFile 'S:/Epic Games/UE_4.27/FeaturePacks/TP_Rolling.upack' (chunk index -1, root 'root:/') mounted
[2024.01.28-16.14.21:390][  0]LogShaderLibrary: Display: ShaderCodeLibraryPakFileMountedCallback: pending pak file info (ChunkID:-1 Root:root:/ File:S:/Epic Games/UE_4.27/FeaturePacks/TP_Rolling.upack)
[2024.01.28-16.14.21:392][  0]LogPakFile: OnPakFileMounted2Time == 0.000047
[2024.01.28-16.14.21:392][  0]LogPakFile: PakFile PrimaryIndexSize=185
[2024.01.28-16.14.21:392][  0]LogPakFile: PakFile PathHashIndexSize=101
[2024.01.28-16.14.21:392][  0]LogPakFile: PakFile FullDirectoryIndexSize=144
[2024.01.28-16.14.21:392][  0]LogShaderLibrary: Display: ShaderCodeLibraryPakFileMountedCallback: PakFile 'S:/Epic Games/UE_4.27/FeaturePacks/TP_RollingBP.upack' (chunk index -1, root 'root:/') mounted
[2024.01.28-16.14.21:392][  0]LogShaderLibrary: Display: ShaderCodeLibraryPakFileMountedCallback: pending pak file info (ChunkID:-1 Root:root:/ File:S:/Epic Games/UE_4.27/FeaturePacks/TP_RollingBP.upack)
[2024.01.28-16.14.21:392][  0]LogPakFile: OnPakFileMounted2Time == 0.000051
[2024.01.28-16.14.21:393][  0]LogPakFile: PakFile PrimaryIndexSize=188
[2024.01.28-16.14.21:393][  0]LogPakFile: PakFile PathHashIndexSize=101
[2024.01.28-16.14.21:393][  0]LogPakFile: PakFile FullDirectoryIndexSize=150
[2024.01.28-16.14.21:393][  0]LogShaderLibrary: Display: ShaderCodeLibraryPakFileMountedCallback: PakFile 'S:/Epic Games/UE_4.27/FeaturePacks/TP_SideScroller.upack' (chunk index -1, root 'root:/') mounted
[2024.01.28-16.14.21:393][  0]LogShaderLibrary: Display: ShaderCodeLibraryPakFileMountedCallback: pending pak file info (ChunkID:-1 Root:root:/ File:S:/Epic Games/UE_4.27/FeaturePacks/TP_SideScroller.upack)
[2024.01.28-16.14.21:393][  0]LogPakFile: OnPakFileMounted2Time == 0.000048
[2024.01.28-16.14.21:393][  0]LogPakFile: PakFile PrimaryIndexSize=190
[2024.01.28-16.14.21:393][  0]LogPakFile: PakFile PathHashIndexSize=101
[2024.01.28-16.14.21:393][  0]LogPakFile: PakFile FullDirectoryIndexSize=154
[2024.01.28-16.14.21:393][  0]LogShaderLibrary: Display: ShaderCodeLibraryPakFileMountedCallback: PakFile 'S:/Epic Games/UE_4.27/FeaturePacks/TP_SideScrollerBP.upack' (chunk index -1, root 'root:/') mounted
[2024.01.28-16.14.21:393][  0]LogShaderLibrary: Display: ShaderCodeLibraryPakFileMountedCallback: pending pak file info (ChunkID:-1 Root:root:/ File:S:/Epic Games/UE_4.27/FeaturePacks/TP_SideScrollerBP.upack)
[2024.01.28-16.14.21:393][  0]LogPakFile: OnPakFileMounted2Time == 0.000047
[2024.01.28-16.14.21:394][  0]LogPakFile: PakFile PrimaryIndexSize=187
[2024.01.28-16.14.21:394][  0]LogPakFile: PakFile PathHashIndexSize=101
[2024.01.28-16.14.21:394][  0]LogPakFile: PakFile FullDirectoryIndexSize=148
[2024.01.28-16.14.21:394][  0]LogShaderLibrary: Display: ShaderCodeLibraryPakFileMountedCallback: PakFile 'S:/Epic Games/UE_4.27/FeaturePacks/TP_ThirdPerson.upack' (chunk index -1, root 'root:/') mounted
[2024.01.28-16.14.21:394][  0]LogShaderLibrary: Display: ShaderCodeLibraryPakFileMountedCallback: pending pak file info (ChunkID:-1 Root:root:/ File:S:/Epic Games/UE_4.27/FeaturePacks/TP_ThirdPerson.upack)
[2024.01.28-16.14.21:394][  0]LogPakFile: OnPakFileMounted2Time == 0.000047
[2024.01.28-16.14.21:395][  0]LogPakFile: PakFile PrimaryIndexSize=189
[2024.01.28-16.14.21:395][  0]LogPakFile: PakFile PathHashIndexSize=101
[2024.01.28-16.14.21:395][  0]LogPakFile: PakFile FullDirectoryIndexSize=152
[2024.01.28-16.14.21:395][  0]LogShaderLibrary: Display: ShaderCodeLibraryPakFileMountedCallback: PakFile 'S:/Epic Games/UE_4.27/FeaturePacks/TP_ThirdPersonBP.upack' (chunk index -1, root 'root:/') mounted
[2024.01.28-16.14.21:395][  0]LogShaderLibrary: Display: ShaderCodeLibraryPakFileMountedCallback: pending pak file info (ChunkID:-1 Root:root:/ File:S:/Epic Games/UE_4.27/FeaturePacks/TP_ThirdPersonBP.upack)
[2024.01.28-16.14.21:395][  0]LogPakFile: OnPakFileMounted2Time == 0.000057
[2024.01.28-16.14.21:396][  0]LogPakFile: PakFile PrimaryIndexSize=183
[2024.01.28-16.14.21:396][  0]LogPakFile: PakFile PathHashIndexSize=101
[2024.01.28-16.14.21:396][  0]LogPakFile: PakFile FullDirectoryIndexSize=140
[2024.01.28-16.14.21:396][  0]LogShaderLibrary: Display: ShaderCodeLibraryPakFileMountedCallback: PakFile 'S:/Epic Games/UE_4.27/FeaturePacks/TP_TopDown.upack' (chunk index -1, root 'root:/') mounted
[2024.01.28-16.14.21:396][  0]LogShaderLibrary: Display: ShaderCodeLibraryPakFileMountedCallback: pending pak file info (ChunkID:-1 Root:root:/ File:S:/Epic Games/UE_4.27/FeaturePacks/TP_TopDown.upack)
[2024.01.28-16.14.21:396][  0]LogPakFile: OnPakFileMounted2Time == 0.000056
[2024.01.28-16.14.21:396][  0]LogPakFile: PakFile PrimaryIndexSize=185
[2024.01.28-16.14.21:396][  0]LogPakFile: PakFile PathHashIndexSize=101
[2024.01.28-16.14.21:396][  0]LogPakFile: PakFile FullDirectoryIndexSize=144
[2024.01.28-16.14.21:396][  0]LogShaderLibrary: Display: ShaderCodeLibraryPakFileMountedCallback: PakFile 'S:/Epic Games/UE_4.27/FeaturePacks/TP_TopDownBP.upack' (chunk index -1, root 'root:/') mounted
[2024.01.28-16.14.21:396][  0]LogShaderLibrary: Display: ShaderCodeLibraryPakFileMountedCallback: pending pak file info (ChunkID:-1 Root:root:/ File:S:/Epic Games/UE_4.27/FeaturePacks/TP_TopDownBP.upack)
[2024.01.28-16.14.21:396][  0]LogPakFile: OnPakFileMounted2Time == 0.000047
[2024.01.28-16.14.21:397][  0]LogPakFile: PakFile PrimaryIndexSize=185
[2024.01.28-16.14.21:397][  0]LogPakFile: PakFile PathHashIndexSize=101
[2024.01.28-16.14.21:397][  0]LogPakFile: PakFile FullDirectoryIndexSize=144
[2024.01.28-16.14.21:397][  0]LogShaderLibrary: Display: ShaderCodeLibraryPakFileMountedCallback: PakFile 'S:/Epic Games/UE_4.27/FeaturePacks/TP_TwinStick.upack' (chunk index -1, root 'root:/') mounted
[2024.01.28-16.14.21:397][  0]LogShaderLibrary: Display: ShaderCodeLibraryPakFileMountedCallback: pending pak file info (ChunkID:-1 Root:root:/ File:S:/Epic Games/UE_4.27/FeaturePacks/TP_TwinStick.upack)
[2024.01.28-16.14.21:397][  0]LogPakFile: OnPakFileMounted2Time == 0.000047
[2024.01.28-16.14.21:398][  0]LogPakFile: PakFile PrimaryIndexSize=187
[2024.01.28-16.14.21:398][  0]LogPakFile: PakFile PathHashIndexSize=101
[2024.01.28-16.14.21:398][  0]LogPakFile: PakFile FullDirectoryIndexSize=148
[2024.01.28-16.14.21:398][  0]LogShaderLibrary: Display: ShaderCodeLibraryPakFileMountedCallback: PakFile 'S:/Epic Games/UE_4.27/FeaturePacks/TP_TwinStickBP.upack' (chunk index -1, root 'root:/') mounted
[2024.01.28-16.14.21:398][  0]LogShaderLibrary: Display: ShaderCodeLibraryPakFileMountedCallback: pending pak file info (ChunkID:-1 Root:root:/ File:S:/Epic Games/UE_4.27/FeaturePacks/TP_TwinStickBP.upack)
[2024.01.28-16.14.21:398][  0]LogPakFile: OnPakFileMounted2Time == 0.000048
[2024.01.28-16.14.21:398][  0]LogPakFile: PakFile PrimaryIndexSize=183
[2024.01.28-16.14.21:398][  0]LogPakFile: PakFile PathHashIndexSize=101
[2024.01.28-16.14.21:398][  0]LogPakFile: PakFile FullDirectoryIndexSize=140
[2024.01.28-16.14.21:398][  0]LogShaderLibrary: Display: ShaderCodeLibraryPakFileMountedCallback: PakFile 'S:/Epic Games/UE_4.27/FeaturePacks/TP_Vehicle.upack' (chunk index -1, root 'root:/') mounted
[2024.01.28-16.14.21:398][  0]LogShaderLibrary: Display: ShaderCodeLibraryPakFileMountedCallback: pending pak file info (ChunkID:-1 Root:root:/ File:S:/Epic Games/UE_4.27/FeaturePacks/TP_Vehicle.upack)
[2024.01.28-16.14.21:398][  0]LogPakFile: OnPakFileMounted2Time == 0.000047
[2024.01.28-16.14.21:399][  0]LogPakFile: PakFile PrimaryIndexSize=186
[2024.01.28-16.14.21:399][  0]LogPakFile: PakFile PathHashIndexSize=101
[2024.01.28-16.14.21:399][  0]LogPakFile: PakFile FullDirectoryIndexSize=146
[2024.01.28-16.14.21:399][  0]LogShaderLibrary: Display: ShaderCodeLibraryPakFileMountedCallback: PakFile 'S:/Epic Games/UE_4.27/FeaturePacks/TP_VehicleAdv.upack' (chunk index -1, root 'root:/') mounted
[2024.01.28-16.14.21:399][  0]LogShaderLibrary: Display: ShaderCodeLibraryPakFileMountedCallback: pending pak file info (ChunkID:-1 Root:root:/ File:S:/Epic Games/UE_4.27/FeaturePacks/TP_VehicleAdv.upack)
[2024.01.28-16.14.21:399][  0]LogPakFile: OnPakFileMounted2Time == 0.000047
[2024.01.28-16.14.21:400][  0]LogPakFile: PakFile PrimaryIndexSize=188
[2024.01.28-16.14.21:400][  0]LogPakFile: PakFile PathHashIndexSize=101
[2024.01.28-16.14.21:400][  0]LogPakFile: PakFile FullDirectoryIndexSize=150
[2024.01.28-16.14.21:400][  0]LogShaderLibrary: Display: ShaderCodeLibraryPakFileMountedCallback: PakFile 'S:/Epic Games/UE_4.27/FeaturePacks/TP_VehicleAdvBP.upack' (chunk index -1, root 'root:/') mounted
[2024.01.28-16.14.21:400][  0]LogShaderLibrary: Display: ShaderCodeLibraryPakFileMountedCallback: pending pak file info (ChunkID:-1 Root:root:/ File:S:/Epic Games/UE_4.27/FeaturePacks/TP_VehicleAdvBP.upack)
[2024.01.28-16.14.21:400][  0]LogPakFile: OnPakFileMounted2Time == 0.000046
[2024.01.28-16.14.21:400][  0]LogPakFile: PakFile PrimaryIndexSize=185
[2024.01.28-16.14.21:400][  0]LogPakFile: PakFile PathHashIndexSize=101
[2024.01.28-16.14.21:400][  0]LogPakFile: PakFile FullDirectoryIndexSize=144
[2024.01.28-16.14.21:400][  0]LogShaderLibrary: Display: ShaderCodeLibraryPakFileMountedCallback: PakFile 'S:/Epic Games/UE_4.27/FeaturePacks/TP_VehicleBP.upack' (chunk index -1, root 'root:/') mounted
[2024.01.28-16.14.21:400][  0]LogShaderLibrary: Display: ShaderCodeLibraryPakFileMountedCallback: pending pak file info (ChunkID:-1 Root:root:/ File:S:/Epic Games/UE_4.27/FeaturePacks/TP_VehicleBP.upack)
[2024.01.28-16.14.21:400][  0]LogPakFile: OnPakFileMounted2Time == 0.000049
[2024.01.28-16.14.21:402][  0]LogPakFile: PakFile PrimaryIndexSize=192
[2024.01.28-16.14.21:402][  0]LogPakFile: PakFile PathHashIndexSize=101
[2024.01.28-16.14.21:402][  0]LogPakFile: PakFile FullDirectoryIndexSize=158
[2024.01.28-16.14.21:402][  0]LogShaderLibrary: Display: ShaderCodeLibraryPakFileMountedCallback: PakFile 'S:/Epic Games/UE_4.27/FeaturePacks/TP_VirtualRealityBP.upack' (chunk index -1, root 'root:/') mounted
[2024.01.28-16.14.21:402][  0]LogShaderLibrary: Display: ShaderCodeLibraryPakFileMountedCallback: pending pak file info (ChunkID:-1 Root:root:/ File:S:/Epic Games/UE_4.27/FeaturePacks/TP_VirtualRealityBP.upack)
[2024.01.28-16.14.21:402][  0]LogPakFile: OnPakFileMounted2Time == 0.000056
[2024.01.28-16.14.21:477][  0]LogNativeClassHierarchy: Verbose: Native class hierarchy updated for 'AddContentDialog' in 0.0003 seconds. Added 0 classes and 0 folders.
[2024.01.28-16.14.21:512][  0]LogSlate: Took 0.000317 seconds to synchronously load lazily loaded font '../../../Engine/Content/Slate/Fonts/Roboto-Regular.ttf' (155K)
[2024.01.28-16.14.21:516][  0]LogSlate: Took 0.002526 seconds to synchronously load lazily loaded font '../../../Engine/Content/Editor/Slate/Fonts/FontAwesome.ttf' (139K)
[2024.01.28-16.14.21:517][  0]LogSlate: Took 0.000224 seconds to synchronously load lazily loaded font '../../../Engine/Content/Slate/Fonts/Roboto-Bold.ttf' (160K)
[2024.01.28-16.14.21:640][  0]LogRenderer: Reallocating scene render targets to support 1048x288 Format 9 NumSamples 1 (Frame:1).
[2024.01.28-16.14.21:738][  0]LogNativeClassHierarchy: Verbose: Native class hierarchy updated for 'HierarchicalLODOutliner' in 0.0003 seconds. Added 0 classes and 0 folders.
[2024.01.28-16.14.21:738][  0]LogLoad: (Engine Initialization) Total time: 10.24 seconds
[2024.01.28-16.14.21:738][  0]LogLoad: (Engine Initialization) Total Blueprint compile time: 0.00 seconds
[2024.01.28-16.14.21:793][  0]LogAssetRegistry: Asset discovery search completed in 6.2192 seconds
[2024.01.28-16.14.21:800][  0]LogCollectionManager: Fixed up redirectors for 0 collections in 0.000005 seconds (updated 0 objects)
[2024.01.28-16.14.21:802][  0]LogContentStreaming: Texture pool size now 400 MB
[2024.01.28-16.16.51:506][785]LogContentBrowser: Deferred new asset file creation: NewUserDefinedEnum
[2024.01.28-16.16.51:517][785]LogContentBrowser: Creating deferred item: NewUserDefinedEnum
[2024.01.28-16.16.51:518][785]LogSlate: Took 0.000244 seconds to synchronously load lazily loaded font '../../../Engine/Content/Slate/Fonts/Roboto-Light.ttf' (167K)
[2024.01.28-16.16.53:780][ 57]LogContentBrowser: Attempting asset rename: NewUserDefinedEnum -> 1
[2024.01.28-16.16.53:780][ 57]LogContentBrowser: End creating deferred item NewUserDefinedEnum
[2024.01.28-16.16.54:845][184]LogSlate: Took 0.000236 seconds to synchronously load lazily loaded font '../../../Engine/Content/Slate/Fonts/Roboto-Light.ttf' (167K)
[2024.01.28-16.16.54:871][184]Cmd: OBJ SAVEPACKAGE PACKAGE="/Game/1" FILE="../../../../../ProjectS/SkillBox_practicS/SkillBox_git/Content/1.uasset" SILENT=true
[2024.01.28-16.16.54:872][184]LogSavePackage: Moving '../../../../../ProjectS/SkillBox_practicS/SkillBox_git/Saved/11503E6F04739988A4254BA83BB4CC806.tmp' to '../../../../../ProjectS/SkillBox_practicS/SkillBox_git/Content/1.uasset'
[2024.01.28-16.16.54:884][184]AssetCheck: New page: Asset Save: 1
[2024.01.28-16.16.54:884][184]LogContentValidation: Display: Validating UserDefinedEnum /Game/1.1
